2026-04-14 13:56:36,864 - __main__ - INFO - CSV file '/home/umair/healthcare/lengend-ai/data/Icd10codes.csv' read successfully.
2026-04-14 13:56:41,657 - __main__ - ERROR - Error ingesting data into database: (sqlalchemy.exc.InvalidRequestError) A value is required for bind parameter 'SHORT'
[SQL: INSERT INTO icd10codes (CODE, SHORT DESCRIPTION (VALID ICD-10 FY2026), LONG DESCRIPTION (VALID ICD-10 FY2026), NF EXCL) VALUES ($1, $2 DESCRIPTION (VALID ICD-10 FY2026), $3 DESCRIPTION (VALID ICD-10 FY2026), $4 EXCL)]
[parameters: [{'CODE': 'A000', 'SHORT_DESCRIPTION_(VALID_ICD-10_FY2026)': 'Cholera due to Vibrio cholerae 01, biovar cholerae', 'LONG_DESCRIPTION_(VALID_ICD-10_FY2026)': 'Cholera due to Vibrio cholerae 01, biovar cholerae', 'NF_EXCL': nan}]]
(Background on this error at: https://sqlalche.me/e/20/cd3x)
2026-04-14 13:58:06,544 - __main__ - ERROR - Error ingesting data into database: (sqlalchemy.dialects.postgresql.asyncpg.ProgrammingError) <class 'asyncpg.exceptions.UndefinedTableError'>: relation "icd10codes" does not exist
[SQL: INSERT INTO icd10codes (CODE, CodeDesc, CodeDescExtended) VALUES ($1, $2, $3)]
[parameters: ('A000', 'Cholera due to Vibrio cholerae 01, biovar cholerae', 'Cholera due to Vibrio cholerae 01, biovar cholerae')]
(Background on this error at: https://sqlalche.me/e/20/f405)
2026-04-14 14:01:17,850 - __main__ - ERROR - Error ingesting data into database: 
2026-04-14 14:06:40,155 - __main__ - ERROR - Error ingesting data into database: (sqlalchemy.dialects.postgresql.asyncpg.ProgrammingError) <class 'asyncpg.exceptions.UndefinedTableError'>: relation "icd10_codes" does not exist
[SQL: INSERT INTO icd10_codes (code, codedesc, codedescextended) VALUES ($1, $2, $3)]
[parameters: ('A000', 'Cholera due to Vibrio cholerae 01, biovar cholerae', 'Cholera due to Vibrio cholerae 01, biovar cholerae')]
(Background on this error at: https://sqlalche.me/e/20/f405)
2026-04-14 14:12:29,129 - __main__ - ERROR - Error ingesting data into database:(sqlalchemy.dialects.postgresql.asyncpg.ProgrammingError) <class 'asyncpg.exceptions.UndefinedTableError'>: relation "icd10_codes" does not exist
[SQL: 
                    INSERT INTO icd10_codes (code, codedesc, codedescextended)
                    VALUES ($1, $2, $3)
                ]
[parameters: ('A000', 'Cholera due to Vibrio cholerae 01, biovar cholerae', 'Cholera due to Vibrio cholerae 01, biovar cholerae')]
(Background on this error at: https://sqlalche.me/e/20/f405)
2026-04-14 14:13:16,547 - __main__ - ERROR - Error ingesting data into database:
2026-04-14 14:16:24,695 - INFO - Data prepared. Rows: 73889
2026-04-14 14:16:44,873 - ERROR - Ingestion failed: 
Traceback (most recent call last):
  File "/home/umair/healthcare/lengend-ai/.venv/lib/python3.12/site-packages/asyncpg/connection.py", line 2443, in connect
    return await connect_utils._connect(
           ^^^^^^^^^^^^^^^^^^^^^^^^^^^^^
  File "/home/umair/healthcare/lengend-ai/.venv/lib/python3.12/site-packages/asyncpg/connect_utils.py", line 1218, in _connect
    conn = await _connect_addr(
           ^^^^^^^^^^^^^^^^^^^^
  File "/home/umair/healthcare/lengend-ai/.venv/lib/python3.12/site-packages/asyncpg/connect_utils.py", line 1050, in _connect_addr
    return await __connect_addr(params, False, *args)
           ^^^^^^^^^^^^^^^^^^^^^^^^^^^^^^^^^^^^^^^^^^
  File "/home/umair/healthcare/lengend-ai/.venv/lib/python3.12/site-packages/asyncpg/connect_utils.py", line 1099, in __connect_addr
    tr, pr = await connector
             ^^^^^^^^^^^^^^^
  File "/home/umair/healthcare/lengend-ai/.venv/lib/python3.12/site-packages/asyncpg/connect_utils.py", line 969, in _create_ssl_connection
    tr, pr = await loop.create_connection(
             ^^^^^^^^^^^^^^^^^^^^^^^^^^^^^
  File "/home/umair/.local/share/uv/python/cpython-3.12.10-linux-x86_64-gnu/lib/python3.12/asyncio/base_events.py", line 1107, in create_connection
    sock = await self._connect_sock(
           ^^^^^^^^^^^^^^^^^^^^^^^^^
  File "/home/umair/.local/share/uv/python/cpython-3.12.10-linux-x86_64-gnu/lib/python3.12/asyncio/base_events.py", line 1010, in _connect_sock
    await self.sock_connect(sock, address)
  File "/home/umair/.local/share/uv/python/cpython-3.12.10-linux-x86_64-gnu/lib/python3.12/asyncio/selector_events.py", line 651, in sock_connect
    return await fut
           ^^^^^^^^^
asyncio.exceptions.CancelledError

The above exception was the direct cause of the following exception:

Traceback (most recent call last):
  File "/home/umair/healthcare/lengend-ai/ingestion/ingest.py", line 48, in ingest_data
    await db.execute(query, records)
  File "/home/umair/healthcare/lengend-ai/.venv/lib/python3.12/site-packages/sqlalchemy/ext/asyncio/session.py", line 449, in execute
    result = await greenlet_spawn(
             ^^^^^^^^^^^^^^^^^^^^^
  File "/home/umair/healthcare/lengend-ai/.venv/lib/python3.12/site-packages/sqlalchemy/util/_concurrency_py3k.py", line 201, in greenlet_spawn
    result = context.throw(*sys.exc_info())
             ^^^^^^^^^^^^^^^^^^^^^^^^^^^^^^
  File "/home/umair/healthcare/lengend-ai/.venv/lib/python3.12/site-packages/sqlalchemy/orm/session.py", line 2351, in execute
    return self._execute_internal(
           ^^^^^^^^^^^^^^^^^^^^^^^
  File "/home/umair/healthcare/lengend-ai/.venv/lib/python3.12/site-packages/sqlalchemy/orm/session.py", line 2239, in _execute_internal
    conn = self._connection_for_bind(bind)
           ^^^^^^^^^^^^^^^^^^^^^^^^^^^^^^^
  File "/home/umair/healthcare/lengend-ai/.venv/lib/python3.12/site-packages/sqlalchemy/orm/session.py", line 2108, in _connection_for_bind
    return trans._connection_for_bind(engine, execution_options)
           ^^^^^^^^^^^^^^^^^^^^^^^^^^^^^^^^^^^^^^^^^^^^^^^^^^^^^
  File "<string>", line 2, in _connection_for_bind
  File "/home/umair/healthcare/lengend-ai/.venv/lib/python3.12/site-packages/sqlalchemy/orm/state_changes.py", line 137, in _go
    ret_value = fn(self, *arg, **kw)
                ^^^^^^^^^^^^^^^^^^^^
  File "/home/umair/healthcare/lengend-ai/.venv/lib/python3.12/site-packages/sqlalchemy/orm/session.py", line 1187, in _connection_for_bind
    conn = bind.connect()
           ^^^^^^^^^^^^^^
  File "/home/umair/healthcare/lengend-ai/.venv/lib/python3.12/site-packages/sqlalchemy/engine/base.py", line 3293, in connect
    return self._connection_cls(self)
           ^^^^^^^^^^^^^^^^^^^^^^^^^^
  File "/home/umair/healthcare/lengend-ai/.venv/lib/python3.12/site-packages/sqlalchemy/engine/base.py", line 143, in __init__
    self._dbapi_connection = engine.raw_connection()
                             ^^^^^^^^^^^^^^^^^^^^^^^
  File "/home/umair/healthcare/lengend-ai/.venv/lib/python3.12/site-packages/sqlalchemy/engine/base.py", line 3317, in raw_connection
    return self.pool.connect()
           ^^^^^^^^^^^^^^^^^^^
  File "/home/umair/healthcare/lengend-ai/.venv/lib/python3.12/site-packages/sqlalchemy/pool/base.py", line 448, in connect
    return _ConnectionFairy._checkout(self)
           ^^^^^^^^^^^^^^^^^^^^^^^^^^^^^^^^
  File "/home/umair/healthcare/lengend-ai/.venv/lib/python3.12/site-packages/sqlalchemy/pool/base.py", line 1272, in _checkout
    fairy = _ConnectionRecord.checkout(pool)
            ^^^^^^^^^^^^^^^^^^^^^^^^^^^^^^^^
  File "/home/umair/healthcare/lengend-ai/.venv/lib/python3.12/site-packages/sqlalchemy/pool/base.py", line 712, in checkout
    rec = pool._do_get()
          ^^^^^^^^^^^^^^
  File "/home/umair/healthcare/lengend-ai/.venv/lib/python3.12/site-packages/sqlalchemy/pool/impl.py", line 177, in _do_get
    with util.safe_reraise():
         ^^^^^^^^^^^^^^^^^^^
  File "/home/umair/healthcare/lengend-ai/.venv/lib/python3.12/site-packages/sqlalchemy/util/langhelpers.py", line 121, in __exit__
    raise exc_value.with_traceback(exc_tb)
  File "/home/umair/healthcare/lengend-ai/.venv/lib/python3.12/site-packages/sqlalchemy/pool/impl.py", line 175, in _do_get
    return self._create_connection()
           ^^^^^^^^^^^^^^^^^^^^^^^^^
  File "/home/umair/healthcare/lengend-ai/.venv/lib/python3.12/site-packages/sqlalchemy/pool/base.py", line 389, in _create_connection
    return _ConnectionRecord(self)
           ^^^^^^^^^^^^^^^^^^^^^^^
  File "/home/umair/healthcare/lengend-ai/.venv/lib/python3.12/site-packages/sqlalchemy/pool/base.py", line 674, in __init__
    self.__connect()
  File "/home/umair/healthcare/lengend-ai/.venv/lib/python3.12/site-packages/sqlalchemy/pool/base.py", line 900, in __connect
    with util.safe_reraise():
         ^^^^^^^^^^^^^^^^^^^
  File "/home/umair/healthcare/lengend-ai/.venv/lib/python3.12/site-packages/sqlalchemy/util/langhelpers.py", line 121, in __exit__
    raise exc_value.with_traceback(exc_tb)
  File "/home/umair/healthcare/lengend-ai/.venv/lib/python3.12/site-packages/sqlalchemy/pool/base.py", line 896, in __connect
    self.dbapi_connection = connection = pool._invoke_creator(self)
                                         ^^^^^^^^^^^^^^^^^^^^^^^^^^
  File "/home/umair/healthcare/lengend-ai/.venv/lib/python3.12/site-packages/sqlalchemy/engine/create.py", line 667, in connect
    return dialect.connect(*cargs_tup, **cparams)
           ^^^^^^^^^^^^^^^^^^^^^^^^^^^^^^^^^^^^^^
  File "/home/umair/healthcare/lengend-ai/.venv/lib/python3.12/site-packages/sqlalchemy/engine/default.py", line 630, in connect
    return self.loaded_dbapi.connect(*cargs, **cparams)  # type: ignore[no-any-return]  # NOQA: E501
           ^^^^^^^^^^^^^^^^^^^^^^^^^^^^^^^^^^^^^^^^^^^^
  File "/home/umair/healthcare/lengend-ai/.venv/lib/python3.12/site-packages/sqlalchemy/dialects/postgresql/asyncpg.py", line 955, in connect
    await_only(creator_fn(*arg, **kw)),
    ^^^^^^^^^^^^^^^^^^^^^^^^^^^^^^^^^^
  File "/home/umair/healthcare/lengend-ai/.venv/lib/python3.12/site-packages/sqlalchemy/util/_concurrency_py3k.py", line 132, in await_only
    return current.parent.switch(awaitable)  # type: ignore[no-any-return,attr-defined] # noqa: E501
           ^^^^^^^^^^^^^^^^^^^^^^^^^^^^^^^^
  File "/home/umair/healthcare/lengend-ai/.venv/lib/python3.12/site-packages/sqlalchemy/util/_concurrency_py3k.py", line 196, in greenlet_spawn
    value = await result
            ^^^^^^^^^^^^
  File "/home/umair/healthcare/lengend-ai/.venv/lib/python3.12/site-packages/asyncpg/connection.py", line 2442, in connect
    async with compat.timeout(timeout):
               ^^^^^^^^^^^^^^^^^^^^^^^
  File "/home/umair/.local/share/uv/python/cpython-3.12.10-linux-x86_64-gnu/lib/python3.12/asyncio/timeouts.py", line 115, in __aexit__
    raise TimeoutError from exc_val
TimeoutError
2026-04-14 14:49:46,290 - INFO - Data prepared. Rows: 73889
2026-04-14 14:50:09,428 - INFO - Data prepared. Rows: 73889
2026-04-14 14:50:29,626 - ERROR - Ingestion failed: 
Traceback (most recent call last):
  File "/home/umair/healthcare/lengend-ai/.venv/lib/python3.12/site-packages/asyncpg/connection.py", line 2443, in connect
    return await connect_utils._connect(
           ^^^^^^^^^^^^^^^^^^^^^^^^^^^^^
  File "/home/umair/healthcare/lengend-ai/.venv/lib/python3.12/site-packages/asyncpg/connect_utils.py", line 1218, in _connect
    conn = await _connect_addr(
           ^^^^^^^^^^^^^^^^^^^^
  File "/home/umair/healthcare/lengend-ai/.venv/lib/python3.12/site-packages/asyncpg/connect_utils.py", line 1050, in _connect_addr
    return await __connect_addr(params, False, *args)
           ^^^^^^^^^^^^^^^^^^^^^^^^^^^^^^^^^^^^^^^^^^
  File "/home/umair/healthcare/lengend-ai/.venv/lib/python3.12/site-packages/asyncpg/connect_utils.py", line 1099, in __connect_addr
    tr, pr = await connector
             ^^^^^^^^^^^^^^^
  File "/home/umair/healthcare/lengend-ai/.venv/lib/python3.12/site-packages/asyncpg/connect_utils.py", line 969, in _create_ssl_connection
    tr, pr = await loop.create_connection(
             ^^^^^^^^^^^^^^^^^^^^^^^^^^^^^
  File "/home/umair/.local/share/uv/python/cpython-3.12.10-linux-x86_64-gnu/lib/python3.12/asyncio/base_events.py", line 1107, in create_connection
    sock = await self._connect_sock(
           ^^^^^^^^^^^^^^^^^^^^^^^^^
  File "/home/umair/.local/share/uv/python/cpython-3.12.10-linux-x86_64-gnu/lib/python3.12/asyncio/base_events.py", line 1010, in _connect_sock
    await self.sock_connect(sock, address)
  File "/home/umair/.local/share/uv/python/cpython-3.12.10-linux-x86_64-gnu/lib/python3.12/asyncio/selector_events.py", line 651, in sock_connect
    return await fut
           ^^^^^^^^^
asyncio.exceptions.CancelledError

The above exception was the direct cause of the following exception:

Traceback (most recent call last):
  File "/home/umair/healthcare/lengend-ai/ingestion/ingest.py", line 36, in ingest_data
    await db.execute(query, records)
  File "/home/umair/healthcare/lengend-ai/.venv/lib/python3.12/site-packages/sqlalchemy/ext/asyncio/session.py", line 449, in execute
    result = await greenlet_spawn(
             ^^^^^^^^^^^^^^^^^^^^^
  File "/home/umair/healthcare/lengend-ai/.venv/lib/python3.12/site-packages/sqlalchemy/util/_concurrency_py3k.py", line 201, in greenlet_spawn
    result = context.throw(*sys.exc_info())
             ^^^^^^^^^^^^^^^^^^^^^^^^^^^^^^
  File "/home/umair/healthcare/lengend-ai/.venv/lib/python3.12/site-packages/sqlalchemy/orm/session.py", line 2351, in execute
    return self._execute_internal(
           ^^^^^^^^^^^^^^^^^^^^^^^
  File "/home/umair/healthcare/lengend-ai/.venv/lib/python3.12/site-packages/sqlalchemy/orm/session.py", line 2239, in _execute_internal
    conn = self._connection_for_bind(bind)
           ^^^^^^^^^^^^^^^^^^^^^^^^^^^^^^^
  File "/home/umair/healthcare/lengend-ai/.venv/lib/python3.12/site-packages/sqlalchemy/orm/session.py", line 2108, in _connection_for_bind
    return trans._connection_for_bind(engine, execution_options)
           ^^^^^^^^^^^^^^^^^^^^^^^^^^^^^^^^^^^^^^^^^^^^^^^^^^^^^
  File "<string>", line 2, in _connection_for_bind
  File "/home/umair/healthcare/lengend-ai/.venv/lib/python3.12/site-packages/sqlalchemy/orm/state_changes.py", line 137, in _go
    ret_value = fn(self, *arg, **kw)
                ^^^^^^^^^^^^^^^^^^^^
  File "/home/umair/healthcare/lengend-ai/.venv/lib/python3.12/site-packages/sqlalchemy/orm/session.py", line 1187, in _connection_for_bind
    conn = bind.connect()
           ^^^^^^^^^^^^^^
  File "/home/umair/healthcare/lengend-ai/.venv/lib/python3.12/site-packages/sqlalchemy/engine/base.py", line 3293, in connect
    return self._connection_cls(self)
           ^^^^^^^^^^^^^^^^^^^^^^^^^^
  File "/home/umair/healthcare/lengend-ai/.venv/lib/python3.12/site-packages/sqlalchemy/engine/base.py", line 143, in __init__
    self._dbapi_connection = engine.raw_connection()
                             ^^^^^^^^^^^^^^^^^^^^^^^
  File "/home/umair/healthcare/lengend-ai/.venv/lib/python3.12/site-packages/sqlalchemy/engine/base.py", line 3317, in raw_connection
    return self.pool.connect()
           ^^^^^^^^^^^^^^^^^^^
  File "/home/umair/healthcare/lengend-ai/.venv/lib/python3.12/site-packages/sqlalchemy/pool/base.py", line 448, in connect
    return _ConnectionFairy._checkout(self)
           ^^^^^^^^^^^^^^^^^^^^^^^^^^^^^^^^
  File "/home/umair/healthcare/lengend-ai/.venv/lib/python3.12/site-packages/sqlalchemy/pool/base.py", line 1272, in _checkout
    fairy = _ConnectionRecord.checkout(pool)
            ^^^^^^^^^^^^^^^^^^^^^^^^^^^^^^^^
  File "/home/umair/healthcare/lengend-ai/.venv/lib/python3.12/site-packages/sqlalchemy/pool/base.py", line 712, in checkout
    rec = pool._do_get()
          ^^^^^^^^^^^^^^
  File "/home/umair/healthcare/lengend-ai/.venv/lib/python3.12/site-packages/sqlalchemy/pool/impl.py", line 177, in _do_get
    with util.safe_reraise():
         ^^^^^^^^^^^^^^^^^^^
  File "/home/umair/healthcare/lengend-ai/.venv/lib/python3.12/site-packages/sqlalchemy/util/langhelpers.py", line 121, in __exit__
    raise exc_value.with_traceback(exc_tb)
  File "/home/umair/healthcare/lengend-ai/.venv/lib/python3.12/site-packages/sqlalchemy/pool/impl.py", line 175, in _do_get
    return self._create_connection()
           ^^^^^^^^^^^^^^^^^^^^^^^^^
  File "/home/umair/healthcare/lengend-ai/.venv/lib/python3.12/site-packages/sqlalchemy/pool/base.py", line 389, in _create_connection
    return _ConnectionRecord(self)
           ^^^^^^^^^^^^^^^^^^^^^^^
  File "/home/umair/healthcare/lengend-ai/.venv/lib/python3.12/site-packages/sqlalchemy/pool/base.py", line 674, in __init__
    self.__connect()
  File "/home/umair/healthcare/lengend-ai/.venv/lib/python3.12/site-packages/sqlalchemy/pool/base.py", line 900, in __connect
    with util.safe_reraise():
         ^^^^^^^^^^^^^^^^^^^
  File "/home/umair/healthcare/lengend-ai/.venv/lib/python3.12/site-packages/sqlalchemy/util/langhelpers.py", line 121, in __exit__
    raise exc_value.with_traceback(exc_tb)
  File "/home/umair/healthcare/lengend-ai/.venv/lib/python3.12/site-packages/sqlalchemy/pool/base.py", line 896, in __connect
    self.dbapi_connection = connection = pool._invoke_creator(self)
                                         ^^^^^^^^^^^^^^^^^^^^^^^^^^
  File "/home/umair/healthcare/lengend-ai/.venv/lib/python3.12/site-packages/sqlalchemy/engine/create.py", line 667, in connect
    return dialect.connect(*cargs_tup, **cparams)
           ^^^^^^^^^^^^^^^^^^^^^^^^^^^^^^^^^^^^^^
  File "/home/umair/healthcare/lengend-ai/.venv/lib/python3.12/site-packages/sqlalchemy/engine/default.py", line 630, in connect
    return self.loaded_dbapi.connect(*cargs, **cparams)  # type: ignore[no-any-return]  # NOQA: E501
           ^^^^^^^^^^^^^^^^^^^^^^^^^^^^^^^^^^^^^^^^^^^^
  File "/home/umair/healthcare/lengend-ai/.venv/lib/python3.12/site-packages/sqlalchemy/dialects/postgresql/asyncpg.py", line 955, in connect
    await_only(creator_fn(*arg, **kw)),
    ^^^^^^^^^^^^^^^^^^^^^^^^^^^^^^^^^^
  File "/home/umair/healthcare/lengend-ai/.venv/lib/python3.12/site-packages/sqlalchemy/util/_concurrency_py3k.py", line 132, in await_only
    return current.parent.switch(awaitable)  # type: ignore[no-any-return,attr-defined] # noqa: E501
           ^^^^^^^^^^^^^^^^^^^^^^^^^^^^^^^^
  File "/home/umair/healthcare/lengend-ai/.venv/lib/python3.12/site-packages/sqlalchemy/util/_concurrency_py3k.py", line 196, in greenlet_spawn
    value = await result
            ^^^^^^^^^^^^
  File "/home/umair/healthcare/lengend-ai/.venv/lib/python3.12/site-packages/asyncpg/connection.py", line 2442, in connect
    async with compat.timeout(timeout):
               ^^^^^^^^^^^^^^^^^^^^^^^
  File "/home/umair/.local/share/uv/python/cpython-3.12.10-linux-x86_64-gnu/lib/python3.12/asyncio/timeouts.py", line 115, in __aexit__
    raise TimeoutError from exc_val
TimeoutError
2026-04-14 14:52:35,385 - INFO - Data prepared. Rows: 73889
2026-04-14 14:52:42,673 - ERROR - Ingestion failed: (sqlalchemy.dialects.postgresql.asyncpg.ProgrammingError) <class 'asyncpg.exceptions.UndefinedTableError'>: relation "icd10_codes" does not exist
[SQL: 
        INSERT INTO icd10_codes (code, codedesc, codedescext)
        VALUES ($1, $2, $3)
    ]
[parameters: ('A000', 'Cholera due to Vibrio cholerae 01, biovar cholerae', 'Cholera due to Vibrio cholerae 01, biovar cholerae')]
(Background on this error at: https://sqlalche.me/e/20/f405)
Traceback (most recent call last):
  File "/home/umair/healthcare/lengend-ai/.venv/lib/python3.12/site-packages/sqlalchemy/dialects/postgresql/asyncpg.py", line 526, in _prepare_and_execute
    prepared_stmt, attributes = await adapt_connection._prepare(
                                ^^^^^^^^^^^^^^^^^^^^^^^^^^^^^^^^
  File "/home/umair/healthcare/lengend-ai/.venv/lib/python3.12/site-packages/sqlalchemy/dialects/postgresql/asyncpg.py", line 773, in _prepare
    prepared_stmt = await self._connection.prepare(
                    ^^^^^^^^^^^^^^^^^^^^^^^^^^^^^^^
  File "/home/umair/healthcare/lengend-ai/.venv/lib/python3.12/site-packages/asyncpg/connection.py", line 638, in prepare
    return await self._prepare(
           ^^^^^^^^^^^^^^^^^^^^
  File "/home/umair/healthcare/lengend-ai/.venv/lib/python3.12/site-packages/asyncpg/connection.py", line 657, in _prepare
    stmt = await self._get_statement(
           ^^^^^^^^^^^^^^^^^^^^^^^^^^
  File "/home/umair/healthcare/lengend-ai/.venv/lib/python3.12/site-packages/asyncpg/connection.py", line 443, in _get_statement
    statement = await self._protocol.prepare(
                ^^^^^^^^^^^^^^^^^^^^^^^^^^^^^
  File "asyncpg/protocol/protocol.pyx", line 165, in prepare
asyncpg.exceptions.UndefinedTableError: relation "icd10_codes" does not exist

The above exception was the direct cause of the following exception:

Traceback (most recent call last):
  File "/home/umair/healthcare/lengend-ai/.venv/lib/python3.12/site-packages/sqlalchemy/engine/base.py", line 1967, in _exec_single_context
    self.dialect.do_execute(
  File "/home/umair/healthcare/lengend-ai/.venv/lib/python3.12/site-packages/sqlalchemy/engine/default.py", line 952, in do_execute
    cursor.execute(statement, parameters)
  File "/home/umair/healthcare/lengend-ai/.venv/lib/python3.12/site-packages/sqlalchemy/dialects/postgresql/asyncpg.py", line 585, in execute
    self._adapt_connection.await_(
  File "/home/umair/healthcare/lengend-ai/.venv/lib/python3.12/site-packages/sqlalchemy/util/_concurrency_py3k.py", line 132, in await_only
    return current.parent.switch(awaitable)  # type: ignore[no-any-return,attr-defined] # noqa: E501
           ^^^^^^^^^^^^^^^^^^^^^^^^^^^^^^^^
  File "/home/umair/healthcare/lengend-ai/.venv/lib/python3.12/site-packages/sqlalchemy/util/_concurrency_py3k.py", line 196, in greenlet_spawn
    value = await result
            ^^^^^^^^^^^^
  File "/home/umair/healthcare/lengend-ai/.venv/lib/python3.12/site-packages/sqlalchemy/dialects/postgresql/asyncpg.py", line 563, in _prepare_and_execute
    self._handle_exception(error)
  File "/home/umair/healthcare/lengend-ai/.venv/lib/python3.12/site-packages/sqlalchemy/dialects/postgresql/asyncpg.py", line 513, in _handle_exception
    self._adapt_connection._handle_exception(error)
  File "/home/umair/healthcare/lengend-ai/.venv/lib/python3.12/site-packages/sqlalchemy/dialects/postgresql/asyncpg.py", line 797, in _handle_exception
    raise translated_error from error
sqlalchemy.dialects.postgresql.asyncpg.AsyncAdapt_asyncpg_dbapi.ProgrammingError: <class 'asyncpg.exceptions.UndefinedTableError'>: relation "icd10_codes" does not exist

The above exception was the direct cause of the following exception:

Traceback (most recent call last):
  File "/home/umair/healthcare/lengend-ai/ingestion/ingest.py", line 39, in ingest_data
    await db.execute(query, record)
  File "/home/umair/healthcare/lengend-ai/.venv/lib/python3.12/site-packages/sqlalchemy/ext/asyncio/session.py", line 449, in execute
    result = await greenlet_spawn(
             ^^^^^^^^^^^^^^^^^^^^^
  File "/home/umair/healthcare/lengend-ai/.venv/lib/python3.12/site-packages/sqlalchemy/util/_concurrency_py3k.py", line 201, in greenlet_spawn
    result = context.throw(*sys.exc_info())
             ^^^^^^^^^^^^^^^^^^^^^^^^^^^^^^
  File "/home/umair/healthcare/lengend-ai/.venv/lib/python3.12/site-packages/sqlalchemy/orm/session.py", line 2351, in execute
    return self._execute_internal(
           ^^^^^^^^^^^^^^^^^^^^^^^
  File "/home/umair/healthcare/lengend-ai/.venv/lib/python3.12/site-packages/sqlalchemy/orm/session.py", line 2258, in _execute_internal
    result = conn.execute(
             ^^^^^^^^^^^^^
  File "/home/umair/healthcare/lengend-ai/.venv/lib/python3.12/site-packages/sqlalchemy/engine/base.py", line 1419, in execute
    return meth(
           ^^^^^
  File "/home/umair/healthcare/lengend-ai/.venv/lib/python3.12/site-packages/sqlalchemy/sql/elements.py", line 527, in _execute_on_connection
    return connection._execute_clauseelement(
           ^^^^^^^^^^^^^^^^^^^^^^^^^^^^^^^^^^
  File "/home/umair/healthcare/lengend-ai/.venv/lib/python3.12/site-packages/sqlalchemy/engine/base.py", line 1641, in _execute_clauseelement
    ret = self._execute_context(
          ^^^^^^^^^^^^^^^^^^^^^^
  File "/home/umair/healthcare/lengend-ai/.venv/lib/python3.12/site-packages/sqlalchemy/engine/base.py", line 1846, in _execute_context
    return self._exec_single_context(
           ^^^^^^^^^^^^^^^^^^^^^^^^^^
  File "/home/umair/healthcare/lengend-ai/.venv/lib/python3.12/site-packages/sqlalchemy/engine/base.py", line 1986, in _exec_single_context
    self._handle_dbapi_exception(
  File "/home/umair/healthcare/lengend-ai/.venv/lib/python3.12/site-packages/sqlalchemy/engine/base.py", line 2363, in _handle_dbapi_exception
    raise sqlalchemy_exception.with_traceback(exc_info[2]) from e
  File "/home/umair/healthcare/lengend-ai/.venv/lib/python3.12/site-packages/sqlalchemy/engine/base.py", line 1967, in _exec_single_context
    self.dialect.do_execute(
  File "/home/umair/healthcare/lengend-ai/.venv/lib/python3.12/site-packages/sqlalchemy/engine/default.py", line 952, in do_execute
    cursor.execute(statement, parameters)
  File "/home/umair/healthcare/lengend-ai/.venv/lib/python3.12/site-packages/sqlalchemy/dialects/postgresql/asyncpg.py", line 585, in execute
    self._adapt_connection.await_(
  File "/home/umair/healthcare/lengend-ai/.venv/lib/python3.12/site-packages/sqlalchemy/util/_concurrency_py3k.py", line 132, in await_only
    return current.parent.switch(awaitable)  # type: ignore[no-any-return,attr-defined] # noqa: E501
           ^^^^^^^^^^^^^^^^^^^^^^^^^^^^^^^^
  File "/home/umair/healthcare/lengend-ai/.venv/lib/python3.12/site-packages/sqlalchemy/util/_concurrency_py3k.py", line 196, in greenlet_spawn
    value = await result
            ^^^^^^^^^^^^
  File "/home/umair/healthcare/lengend-ai/.venv/lib/python3.12/site-packages/sqlalchemy/dialects/postgresql/asyncpg.py", line 563, in _prepare_and_execute
    self._handle_exception(error)
  File "/home/umair/healthcare/lengend-ai/.venv/lib/python3.12/site-packages/sqlalchemy/dialects/postgresql/asyncpg.py", line 513, in _handle_exception
    self._adapt_connection._handle_exception(error)
  File "/home/umair/healthcare/lengend-ai/.venv/lib/python3.12/site-packages/sqlalchemy/dialects/postgresql/asyncpg.py", line 797, in _handle_exception
    raise translated_error from error
sqlalchemy.exc.ProgrammingError: (sqlalchemy.dialects.postgresql.asyncpg.ProgrammingError) <class 'asyncpg.exceptions.UndefinedTableError'>: relation "icd10_codes" does not exist
[SQL: 
        INSERT INTO icd10_codes (code, codedesc, codedescext)
        VALUES ($1, $2, $3)
    ]
[parameters: ('A000', 'Cholera due to Vibrio cholerae 01, biovar cholerae', 'Cholera due to Vibrio cholerae 01, biovar cholerae')]
(Background on this error at: https://sqlalche.me/e/20/f405)
2026-04-14 14:55:33,987 - INFO - Data prepared. Rows: 73889
2026-04-14 14:55:54,008 - ERROR - Ingestion failed: 
Traceback (most recent call last):
  File "/home/umair/healthcare/lengend-ai/.venv/lib/python3.12/site-packages/asyncpg/connection.py", line 2443, in connect
    return await connect_utils._connect(
           ^^^^^^^^^^^^^^^^^^^^^^^^^^^^^
  File "/home/umair/healthcare/lengend-ai/.venv/lib/python3.12/site-packages/asyncpg/connect_utils.py", line 1218, in _connect
    conn = await _connect_addr(
           ^^^^^^^^^^^^^^^^^^^^
  File "/home/umair/healthcare/lengend-ai/.venv/lib/python3.12/site-packages/asyncpg/connect_utils.py", line 1050, in _connect_addr
    return await __connect_addr(params, False, *args)
           ^^^^^^^^^^^^^^^^^^^^^^^^^^^^^^^^^^^^^^^^^^
  File "/home/umair/healthcare/lengend-ai/.venv/lib/python3.12/site-packages/asyncpg/connect_utils.py", line 1099, in __connect_addr
    tr, pr = await connector
             ^^^^^^^^^^^^^^^
  File "/home/umair/healthcare/lengend-ai/.venv/lib/python3.12/site-packages/asyncpg/connect_utils.py", line 969, in _create_ssl_connection
    tr, pr = await loop.create_connection(
             ^^^^^^^^^^^^^^^^^^^^^^^^^^^^^
  File "/home/umair/.local/share/uv/python/cpython-3.12.10-linux-x86_64-gnu/lib/python3.12/asyncio/base_events.py", line 1107, in create_connection
    sock = await self._connect_sock(
           ^^^^^^^^^^^^^^^^^^^^^^^^^
  File "/home/umair/.local/share/uv/python/cpython-3.12.10-linux-x86_64-gnu/lib/python3.12/asyncio/base_events.py", line 1010, in _connect_sock
    await self.sock_connect(sock, address)
  File "/home/umair/.local/share/uv/python/cpython-3.12.10-linux-x86_64-gnu/lib/python3.12/asyncio/selector_events.py", line 651, in sock_connect
    return await fut
           ^^^^^^^^^
asyncio.exceptions.CancelledError

The above exception was the direct cause of the following exception:

Traceback (most recent call last):
  File "/home/umair/healthcare/lengend-ai/ingestion/ingest.py", line 44, in ingest_data
    await db.execute(create_table_query)
  File "/home/umair/healthcare/lengend-ai/.venv/lib/python3.12/site-packages/sqlalchemy/ext/asyncio/session.py", line 449, in execute
    result = await greenlet_spawn(
             ^^^^^^^^^^^^^^^^^^^^^
  File "/home/umair/healthcare/lengend-ai/.venv/lib/python3.12/site-packages/sqlalchemy/util/_concurrency_py3k.py", line 201, in greenlet_spawn
    result = context.throw(*sys.exc_info())
             ^^^^^^^^^^^^^^^^^^^^^^^^^^^^^^
  File "/home/umair/healthcare/lengend-ai/.venv/lib/python3.12/site-packages/sqlalchemy/orm/session.py", line 2351, in execute
    return self._execute_internal(
           ^^^^^^^^^^^^^^^^^^^^^^^
  File "/home/umair/healthcare/lengend-ai/.venv/lib/python3.12/site-packages/sqlalchemy/orm/session.py", line 2239, in _execute_internal
    conn = self._connection_for_bind(bind)
           ^^^^^^^^^^^^^^^^^^^^^^^^^^^^^^^
  File "/home/umair/healthcare/lengend-ai/.venv/lib/python3.12/site-packages/sqlalchemy/orm/session.py", line 2108, in _connection_for_bind
    return trans._connection_for_bind(engine, execution_options)
           ^^^^^^^^^^^^^^^^^^^^^^^^^^^^^^^^^^^^^^^^^^^^^^^^^^^^^
  File "<string>", line 2, in _connection_for_bind
  File "/home/umair/healthcare/lengend-ai/.venv/lib/python3.12/site-packages/sqlalchemy/orm/state_changes.py", line 137, in _go
    ret_value = fn(self, *arg, **kw)
                ^^^^^^^^^^^^^^^^^^^^
  File "/home/umair/healthcare/lengend-ai/.venv/lib/python3.12/site-packages/sqlalchemy/orm/session.py", line 1187, in _connection_for_bind
    conn = bind.connect()
           ^^^^^^^^^^^^^^
  File "/home/umair/healthcare/lengend-ai/.venv/lib/python3.12/site-packages/sqlalchemy/engine/base.py", line 3293, in connect
    return self._connection_cls(self)
           ^^^^^^^^^^^^^^^^^^^^^^^^^^
  File "/home/umair/healthcare/lengend-ai/.venv/lib/python3.12/site-packages/sqlalchemy/engine/base.py", line 143, in __init__
    self._dbapi_connection = engine.raw_connection()
                             ^^^^^^^^^^^^^^^^^^^^^^^
  File "/home/umair/healthcare/lengend-ai/.venv/lib/python3.12/site-packages/sqlalchemy/engine/base.py", line 3317, in raw_connection
    return self.pool.connect()
           ^^^^^^^^^^^^^^^^^^^
  File "/home/umair/healthcare/lengend-ai/.venv/lib/python3.12/site-packages/sqlalchemy/pool/base.py", line 448, in connect
    return _ConnectionFairy._checkout(self)
           ^^^^^^^^^^^^^^^^^^^^^^^^^^^^^^^^
  File "/home/umair/healthcare/lengend-ai/.venv/lib/python3.12/site-packages/sqlalchemy/pool/base.py", line 1272, in _checkout
    fairy = _ConnectionRecord.checkout(pool)
            ^^^^^^^^^^^^^^^^^^^^^^^^^^^^^^^^
  File "/home/umair/healthcare/lengend-ai/.venv/lib/python3.12/site-packages/sqlalchemy/pool/base.py", line 712, in checkout
    rec = pool._do_get()
          ^^^^^^^^^^^^^^
  File "/home/umair/healthcare/lengend-ai/.venv/lib/python3.12/site-packages/sqlalchemy/pool/impl.py", line 177, in _do_get
    with util.safe_reraise():
         ^^^^^^^^^^^^^^^^^^^
  File "/home/umair/healthcare/lengend-ai/.venv/lib/python3.12/site-packages/sqlalchemy/util/langhelpers.py", line 121, in __exit__
    raise exc_value.with_traceback(exc_tb)
  File "/home/umair/healthcare/lengend-ai/.venv/lib/python3.12/site-packages/sqlalchemy/pool/impl.py", line 175, in _do_get
    return self._create_connection()
           ^^^^^^^^^^^^^^^^^^^^^^^^^
  File "/home/umair/healthcare/lengend-ai/.venv/lib/python3.12/site-packages/sqlalchemy/pool/base.py", line 389, in _create_connection
    return _ConnectionRecord(self)
           ^^^^^^^^^^^^^^^^^^^^^^^
  File "/home/umair/healthcare/lengend-ai/.venv/lib/python3.12/site-packages/sqlalchemy/pool/base.py", line 674, in __init__
    self.__connect()
  File "/home/umair/healthcare/lengend-ai/.venv/lib/python3.12/site-packages/sqlalchemy/pool/base.py", line 900, in __connect
    with util.safe_reraise():
         ^^^^^^^^^^^^^^^^^^^
  File "/home/umair/healthcare/lengend-ai/.venv/lib/python3.12/site-packages/sqlalchemy/util/langhelpers.py", line 121, in __exit__
    raise exc_value.with_traceback(exc_tb)
  File "/home/umair/healthcare/lengend-ai/.venv/lib/python3.12/site-packages/sqlalchemy/pool/base.py", line 896, in __connect
    self.dbapi_connection = connection = pool._invoke_creator(self)
                                         ^^^^^^^^^^^^^^^^^^^^^^^^^^
  File "/home/umair/healthcare/lengend-ai/.venv/lib/python3.12/site-packages/sqlalchemy/engine/create.py", line 667, in connect
    return dialect.connect(*cargs_tup, **cparams)
           ^^^^^^^^^^^^^^^^^^^^^^^^^^^^^^^^^^^^^^
  File "/home/umair/healthcare/lengend-ai/.venv/lib/python3.12/site-packages/sqlalchemy/engine/default.py", line 630, in connect
    return self.loaded_dbapi.connect(*cargs, **cparams)  # type: ignore[no-any-return]  # NOQA: E501
           ^^^^^^^^^^^^^^^^^^^^^^^^^^^^^^^^^^^^^^^^^^^^
  File "/home/umair/healthcare/lengend-ai/.venv/lib/python3.12/site-packages/sqlalchemy/dialects/postgresql/asyncpg.py", line 955, in connect
    await_only(creator_fn(*arg, **kw)),
    ^^^^^^^^^^^^^^^^^^^^^^^^^^^^^^^^^^
  File "/home/umair/healthcare/lengend-ai/.venv/lib/python3.12/site-packages/sqlalchemy/util/_concurrency_py3k.py", line 132, in await_only
    return current.parent.switch(awaitable)  # type: ignore[no-any-return,attr-defined] # noqa: E501
           ^^^^^^^^^^^^^^^^^^^^^^^^^^^^^^^^
  File "/home/umair/healthcare/lengend-ai/.venv/lib/python3.12/site-packages/sqlalchemy/util/_concurrency_py3k.py", line 196, in greenlet_spawn
    value = await result
            ^^^^^^^^^^^^
  File "/home/umair/healthcare/lengend-ai/.venv/lib/python3.12/site-packages/asyncpg/connection.py", line 2442, in connect
    async with compat.timeout(timeout):
               ^^^^^^^^^^^^^^^^^^^^^^^
  File "/home/umair/.local/share/uv/python/cpython-3.12.10-linux-x86_64-gnu/lib/python3.12/asyncio/timeouts.py", line 115, in __aexit__
    raise TimeoutError from exc_val
TimeoutError
2026-04-14 14:58:34,035 - INFO - Data prepared. Rows: 73889
2026-04-14 15:02:36,784 - INFO - Data prepared. Rows: 73889
2026-04-14 15:13:14,701 - INFO - Data prepared. Rows: 73889
2026-04-14 15:13:34,901 - ERROR - Ingestion failed: 
Traceback (most recent call last):
  File "/home/umair/healthcare/lengend-ai/.venv/lib/python3.12/site-packages/asyncpg/connection.py", line 2443, in connect
    return await connect_utils._connect(
           ^^^^^^^^^^^^^^^^^^^^^^^^^^^^^
  File "/home/umair/healthcare/lengend-ai/.venv/lib/python3.12/site-packages/asyncpg/connect_utils.py", line 1218, in _connect
    conn = await _connect_addr(
           ^^^^^^^^^^^^^^^^^^^^
  File "/home/umair/healthcare/lengend-ai/.venv/lib/python3.12/site-packages/asyncpg/connect_utils.py", line 1050, in _connect_addr
    return await __connect_addr(params, False, *args)
           ^^^^^^^^^^^^^^^^^^^^^^^^^^^^^^^^^^^^^^^^^^
  File "/home/umair/healthcare/lengend-ai/.venv/lib/python3.12/site-packages/asyncpg/connect_utils.py", line 1099, in __connect_addr
    tr, pr = await connector
             ^^^^^^^^^^^^^^^
  File "/home/umair/healthcare/lengend-ai/.venv/lib/python3.12/site-packages/asyncpg/connect_utils.py", line 969, in _create_ssl_connection
    tr, pr = await loop.create_connection(
             ^^^^^^^^^^^^^^^^^^^^^^^^^^^^^
  File "/home/umair/.local/share/uv/python/cpython-3.12.10-linux-x86_64-gnu/lib/python3.12/asyncio/base_events.py", line 1107, in create_connection
    sock = await self._connect_sock(
           ^^^^^^^^^^^^^^^^^^^^^^^^^
  File "/home/umair/.local/share/uv/python/cpython-3.12.10-linux-x86_64-gnu/lib/python3.12/asyncio/base_events.py", line 1010, in _connect_sock
    await self.sock_connect(sock, address)
  File "/home/umair/.local/share/uv/python/cpython-3.12.10-linux-x86_64-gnu/lib/python3.12/asyncio/selector_events.py", line 651, in sock_connect
    return await fut
           ^^^^^^^^^
asyncio.exceptions.CancelledError

The above exception was the direct cause of the following exception:

Traceback (most recent call last):
  File "/home/umair/healthcare/lengend-ai/ingestion/ingest.py", line 47, in ingest_data
    await db.execute(query, params)
  File "/home/umair/healthcare/lengend-ai/.venv/lib/python3.12/site-packages/sqlalchemy/ext/asyncio/session.py", line 449, in execute
    result = await greenlet_spawn(
             ^^^^^^^^^^^^^^^^^^^^^
  File "/home/umair/healthcare/lengend-ai/.venv/lib/python3.12/site-packages/sqlalchemy/util/_concurrency_py3k.py", line 201, in greenlet_spawn
    result = context.throw(*sys.exc_info())
             ^^^^^^^^^^^^^^^^^^^^^^^^^^^^^^
  File "/home/umair/healthcare/lengend-ai/.venv/lib/python3.12/site-packages/sqlalchemy/orm/session.py", line 2351, in execute
    return self._execute_internal(
           ^^^^^^^^^^^^^^^^^^^^^^^
  File "/home/umair/healthcare/lengend-ai/.venv/lib/python3.12/site-packages/sqlalchemy/orm/session.py", line 2239, in _execute_internal
    conn = self._connection_for_bind(bind)
           ^^^^^^^^^^^^^^^^^^^^^^^^^^^^^^^
  File "/home/umair/healthcare/lengend-ai/.venv/lib/python3.12/site-packages/sqlalchemy/orm/session.py", line 2108, in _connection_for_bind
    return trans._connection_for_bind(engine, execution_options)
           ^^^^^^^^^^^^^^^^^^^^^^^^^^^^^^^^^^^^^^^^^^^^^^^^^^^^^
  File "<string>", line 2, in _connection_for_bind
  File "/home/umair/healthcare/lengend-ai/.venv/lib/python3.12/site-packages/sqlalchemy/orm/state_changes.py", line 137, in _go
    ret_value = fn(self, *arg, **kw)
                ^^^^^^^^^^^^^^^^^^^^
  File "/home/umair/healthcare/lengend-ai/.venv/lib/python3.12/site-packages/sqlalchemy/orm/session.py", line 1187, in _connection_for_bind
    conn = bind.connect()
           ^^^^^^^^^^^^^^
  File "/home/umair/healthcare/lengend-ai/.venv/lib/python3.12/site-packages/sqlalchemy/engine/base.py", line 3293, in connect
    return self._connection_cls(self)
           ^^^^^^^^^^^^^^^^^^^^^^^^^^
  File "/home/umair/healthcare/lengend-ai/.venv/lib/python3.12/site-packages/sqlalchemy/engine/base.py", line 143, in __init__
    self._dbapi_connection = engine.raw_connection()
                             ^^^^^^^^^^^^^^^^^^^^^^^
  File "/home/umair/healthcare/lengend-ai/.venv/lib/python3.12/site-packages/sqlalchemy/engine/base.py", line 3317, in raw_connection
    return self.pool.connect()
           ^^^^^^^^^^^^^^^^^^^
  File "/home/umair/healthcare/lengend-ai/.venv/lib/python3.12/site-packages/sqlalchemy/pool/base.py", line 448, in connect
    return _ConnectionFairy._checkout(self)
           ^^^^^^^^^^^^^^^^^^^^^^^^^^^^^^^^
  File "/home/umair/healthcare/lengend-ai/.venv/lib/python3.12/site-packages/sqlalchemy/pool/base.py", line 1272, in _checkout
    fairy = _ConnectionRecord.checkout(pool)
            ^^^^^^^^^^^^^^^^^^^^^^^^^^^^^^^^
  File "/home/umair/healthcare/lengend-ai/.venv/lib/python3.12/site-packages/sqlalchemy/pool/base.py", line 712, in checkout
    rec = pool._do_get()
          ^^^^^^^^^^^^^^
  File "/home/umair/healthcare/lengend-ai/.venv/lib/python3.12/site-packages/sqlalchemy/pool/impl.py", line 177, in _do_get
    with util.safe_reraise():
         ^^^^^^^^^^^^^^^^^^^
  File "/home/umair/healthcare/lengend-ai/.venv/lib/python3.12/site-packages/sqlalchemy/util/langhelpers.py", line 121, in __exit__
    raise exc_value.with_traceback(exc_tb)
  File "/home/umair/healthcare/lengend-ai/.venv/lib/python3.12/site-packages/sqlalchemy/pool/impl.py", line 175, in _do_get
    return self._create_connection()
           ^^^^^^^^^^^^^^^^^^^^^^^^^
  File "/home/umair/healthcare/lengend-ai/.venv/lib/python3.12/site-packages/sqlalchemy/pool/base.py", line 389, in _create_connection
    return _ConnectionRecord(self)
           ^^^^^^^^^^^^^^^^^^^^^^^
  File "/home/umair/healthcare/lengend-ai/.venv/lib/python3.12/site-packages/sqlalchemy/pool/base.py", line 674, in __init__
    self.__connect()
  File "/home/umair/healthcare/lengend-ai/.venv/lib/python3.12/site-packages/sqlalchemy/pool/base.py", line 900, in __connect
    with util.safe_reraise():
         ^^^^^^^^^^^^^^^^^^^
  File "/home/umair/healthcare/lengend-ai/.venv/lib/python3.12/site-packages/sqlalchemy/util/langhelpers.py", line 121, in __exit__
    raise exc_value.with_traceback(exc_tb)
  File "/home/umair/healthcare/lengend-ai/.venv/lib/python3.12/site-packages/sqlalchemy/pool/base.py", line 896, in __connect
    self.dbapi_connection = connection = pool._invoke_creator(self)
                                         ^^^^^^^^^^^^^^^^^^^^^^^^^^
  File "/home/umair/healthcare/lengend-ai/.venv/lib/python3.12/site-packages/sqlalchemy/engine/create.py", line 667, in connect
    return dialect.connect(*cargs_tup, **cparams)
           ^^^^^^^^^^^^^^^^^^^^^^^^^^^^^^^^^^^^^^
  File "/home/umair/healthcare/lengend-ai/.venv/lib/python3.12/site-packages/sqlalchemy/engine/default.py", line 630, in connect
    return self.loaded_dbapi.connect(*cargs, **cparams)  # type: ignore[no-any-return]  # NOQA: E501
           ^^^^^^^^^^^^^^^^^^^^^^^^^^^^^^^^^^^^^^^^^^^^
  File "/home/umair/healthcare/lengend-ai/.venv/lib/python3.12/site-packages/sqlalchemy/dialects/postgresql/asyncpg.py", line 955, in connect
    await_only(creator_fn(*arg, **kw)),
    ^^^^^^^^^^^^^^^^^^^^^^^^^^^^^^^^^^
  File "/home/umair/healthcare/lengend-ai/.venv/lib/python3.12/site-packages/sqlalchemy/util/_concurrency_py3k.py", line 132, in await_only
    return current.parent.switch(awaitable)  # type: ignore[no-any-return,attr-defined] # noqa: E501
           ^^^^^^^^^^^^^^^^^^^^^^^^^^^^^^^^
  File "/home/umair/healthcare/lengend-ai/.venv/lib/python3.12/site-packages/sqlalchemy/util/_concurrency_py3k.py", line 196, in greenlet_spawn
    value = await result
            ^^^^^^^^^^^^
  File "/home/umair/healthcare/lengend-ai/.venv/lib/python3.12/site-packages/asyncpg/connection.py", line 2442, in connect
    async with compat.timeout(timeout):
               ^^^^^^^^^^^^^^^^^^^^^^^
  File "/home/umair/.local/share/uv/python/cpython-3.12.10-linux-x86_64-gnu/lib/python3.12/asyncio/timeouts.py", line 115, in __aexit__
    raise TimeoutError from exc_val
TimeoutError
2026-04-14 15:18:34,015 - INFO - Data prepared. Rows: 73889
2026-04-14 15:18:47,258 - ERROR - Ingestion failed: (sqlalchemy.dialects.postgresql.asyncpg.ProgrammingError) <class 'asyncpg.exceptions.PostgresSyntaxError'>: syntax error at or near "{"
[SQL: 
        INSERT INTO {table_name} (code, codedesc, codedescext)
        VALUES ($1, $2, $3)
    ]
[parameters: ('A000', 'Cholera due to Vibrio cholerae 01, biovar cholerae', 'Cholera due to Vibrio cholerae 01, biovar cholerae')]
(Background on this error at: https://sqlalche.me/e/20/f405)
Traceback (most recent call last):
  File "/home/umair/healthcare/lengend-ai/.venv/lib/python3.12/site-packages/sqlalchemy/dialects/postgresql/asyncpg.py", line 526, in _prepare_and_execute
    prepared_stmt, attributes = await adapt_connection._prepare(
                                ^^^^^^^^^^^^^^^^^^^^^^^^^^^^^^^^
  File "/home/umair/healthcare/lengend-ai/.venv/lib/python3.12/site-packages/sqlalchemy/dialects/postgresql/asyncpg.py", line 773, in _prepare
    prepared_stmt = await self._connection.prepare(
                    ^^^^^^^^^^^^^^^^^^^^^^^^^^^^^^^
  File "/home/umair/healthcare/lengend-ai/.venv/lib/python3.12/site-packages/asyncpg/connection.py", line 638, in prepare
    return await self._prepare(
           ^^^^^^^^^^^^^^^^^^^^
  File "/home/umair/healthcare/lengend-ai/.venv/lib/python3.12/site-packages/asyncpg/connection.py", line 657, in _prepare
    stmt = await self._get_statement(
           ^^^^^^^^^^^^^^^^^^^^^^^^^^
  File "/home/umair/healthcare/lengend-ai/.venv/lib/python3.12/site-packages/asyncpg/connection.py", line 443, in _get_statement
    statement = await self._protocol.prepare(
                ^^^^^^^^^^^^^^^^^^^^^^^^^^^^^
  File "asyncpg/protocol/protocol.pyx", line 165, in prepare
asyncpg.exceptions.PostgresSyntaxError: syntax error at or near "{"

The above exception was the direct cause of the following exception:

Traceback (most recent call last):
  File "/home/umair/healthcare/lengend-ai/.venv/lib/python3.12/site-packages/sqlalchemy/engine/base.py", line 1967, in _exec_single_context
    self.dialect.do_execute(
  File "/home/umair/healthcare/lengend-ai/.venv/lib/python3.12/site-packages/sqlalchemy/engine/default.py", line 952, in do_execute
    cursor.execute(statement, parameters)
  File "/home/umair/healthcare/lengend-ai/.venv/lib/python3.12/site-packages/sqlalchemy/dialects/postgresql/asyncpg.py", line 585, in execute
    self._adapt_connection.await_(
  File "/home/umair/healthcare/lengend-ai/.venv/lib/python3.12/site-packages/sqlalchemy/util/_concurrency_py3k.py", line 132, in await_only
    return current.parent.switch(awaitable)  # type: ignore[no-any-return,attr-defined] # noqa: E501
           ^^^^^^^^^^^^^^^^^^^^^^^^^^^^^^^^
  File "/home/umair/healthcare/lengend-ai/.venv/lib/python3.12/site-packages/sqlalchemy/util/_concurrency_py3k.py", line 196, in greenlet_spawn
    value = await result
            ^^^^^^^^^^^^
  File "/home/umair/healthcare/lengend-ai/.venv/lib/python3.12/site-packages/sqlalchemy/dialects/postgresql/asyncpg.py", line 563, in _prepare_and_execute
    self._handle_exception(error)
  File "/home/umair/healthcare/lengend-ai/.venv/lib/python3.12/site-packages/sqlalchemy/dialects/postgresql/asyncpg.py", line 513, in _handle_exception
    self._adapt_connection._handle_exception(error)
  File "/home/umair/healthcare/lengend-ai/.venv/lib/python3.12/site-packages/sqlalchemy/dialects/postgresql/asyncpg.py", line 797, in _handle_exception
    raise translated_error from error
sqlalchemy.dialects.postgresql.asyncpg.AsyncAdapt_asyncpg_dbapi.ProgrammingError: <class 'asyncpg.exceptions.PostgresSyntaxError'>: syntax error at or near "{"

The above exception was the direct cause of the following exception:

Traceback (most recent call last):
  File "/home/umair/healthcare/lengend-ai/ingestion/ingest.py", line 46, in ingest_data
    await db.execute(query, params)
  File "/home/umair/healthcare/lengend-ai/.venv/lib/python3.12/site-packages/sqlalchemy/ext/asyncio/session.py", line 449, in execute
    result = await greenlet_spawn(
             ^^^^^^^^^^^^^^^^^^^^^
  File "/home/umair/healthcare/lengend-ai/.venv/lib/python3.12/site-packages/sqlalchemy/util/_concurrency_py3k.py", line 201, in greenlet_spawn
    result = context.throw(*sys.exc_info())
             ^^^^^^^^^^^^^^^^^^^^^^^^^^^^^^
  File "/home/umair/healthcare/lengend-ai/.venv/lib/python3.12/site-packages/sqlalchemy/orm/session.py", line 2351, in execute
    return self._execute_internal(
           ^^^^^^^^^^^^^^^^^^^^^^^
  File "/home/umair/healthcare/lengend-ai/.venv/lib/python3.12/site-packages/sqlalchemy/orm/session.py", line 2258, in _execute_internal
    result = conn.execute(
             ^^^^^^^^^^^^^
  File "/home/umair/healthcare/lengend-ai/.venv/lib/python3.12/site-packages/sqlalchemy/engine/base.py", line 1419, in execute
    return meth(
           ^^^^^
  File "/home/umair/healthcare/lengend-ai/.venv/lib/python3.12/site-packages/sqlalchemy/sql/elements.py", line 527, in _execute_on_connection
    return connection._execute_clauseelement(
           ^^^^^^^^^^^^^^^^^^^^^^^^^^^^^^^^^^
  File "/home/umair/healthcare/lengend-ai/.venv/lib/python3.12/site-packages/sqlalchemy/engine/base.py", line 1641, in _execute_clauseelement
    ret = self._execute_context(
          ^^^^^^^^^^^^^^^^^^^^^^
  File "/home/umair/healthcare/lengend-ai/.venv/lib/python3.12/site-packages/sqlalchemy/engine/base.py", line 1846, in _execute_context
    return self._exec_single_context(
           ^^^^^^^^^^^^^^^^^^^^^^^^^^
  File "/home/umair/healthcare/lengend-ai/.venv/lib/python3.12/site-packages/sqlalchemy/engine/base.py", line 1986, in _exec_single_context
    self._handle_dbapi_exception(
  File "/home/umair/healthcare/lengend-ai/.venv/lib/python3.12/site-packages/sqlalchemy/engine/base.py", line 2363, in _handle_dbapi_exception
    raise sqlalchemy_exception.with_traceback(exc_info[2]) from e
  File "/home/umair/healthcare/lengend-ai/.venv/lib/python3.12/site-packages/sqlalchemy/engine/base.py", line 1967, in _exec_single_context
    self.dialect.do_execute(
  File "/home/umair/healthcare/lengend-ai/.venv/lib/python3.12/site-packages/sqlalchemy/engine/default.py", line 952, in do_execute
    cursor.execute(statement, parameters)
  File "/home/umair/healthcare/lengend-ai/.venv/lib/python3.12/site-packages/sqlalchemy/dialects/postgresql/asyncpg.py", line 585, in execute
    self._adapt_connection.await_(
  File "/home/umair/healthcare/lengend-ai/.venv/lib/python3.12/site-packages/sqlalchemy/util/_concurrency_py3k.py", line 132, in await_only
    return current.parent.switch(awaitable)  # type: ignore[no-any-return,attr-defined] # noqa: E501
           ^^^^^^^^^^^^^^^^^^^^^^^^^^^^^^^^
  File "/home/umair/healthcare/lengend-ai/.venv/lib/python3.12/site-packages/sqlalchemy/util/_concurrency_py3k.py", line 196, in greenlet_spawn
    value = await result
            ^^^^^^^^^^^^
  File "/home/umair/healthcare/lengend-ai/.venv/lib/python3.12/site-packages/sqlalchemy/dialects/postgresql/asyncpg.py", line 563, in _prepare_and_execute
    self._handle_exception(error)
  File "/home/umair/healthcare/lengend-ai/.venv/lib/python3.12/site-packages/sqlalchemy/dialects/postgresql/asyncpg.py", line 513, in _handle_exception
    self._adapt_connection._handle_exception(error)
  File "/home/umair/healthcare/lengend-ai/.venv/lib/python3.12/site-packages/sqlalchemy/dialects/postgresql/asyncpg.py", line 797, in _handle_exception
    raise translated_error from error
sqlalchemy.exc.ProgrammingError: (sqlalchemy.dialects.postgresql.asyncpg.ProgrammingError) <class 'asyncpg.exceptions.PostgresSyntaxError'>: syntax error at or near "{"
[SQL: 
        INSERT INTO {table_name} (code, codedesc, codedescext)
        VALUES ($1, $2, $3)
    ]
[parameters: ('A000', 'Cholera due to Vibrio cholerae 01, biovar cholerae', 'Cholera due to Vibrio cholerae 01, biovar cholerae')]
(Background on this error at: https://sqlalche.me/e/20/f405)
2026-04-14 15:19:36,309 - INFO - Data prepared. Rows: 73889
2026-04-14 15:37:25,311 - INFO - Data prepared. Rows: 73889
2026-04-14 15:39:46,299 - INFO - Data prepared. Rows: 73889
2026-04-14 15:39:46,475 - INFO - Starting ingestion of 73889 records into icd10_codes with batch size 1000.
2026-04-14 15:39:46,475 - INFO - Total records to insert: 73889
2026-04-14 15:39:46,475 - INFO - Inserting batch starting at record 1
2026-04-14 15:40:16,508 - ERROR - Ingestion failed: 
Traceback (most recent call last):
  File "/home/umair/healthcare/lengend-ai/.venv/lib/python3.12/site-packages/asyncpg/connection.py", line 2443, in connect
    return await connect_utils._connect(
           ^^^^^^^^^^^^^^^^^^^^^^^^^^^^^
  File "/home/umair/healthcare/lengend-ai/.venv/lib/python3.12/site-packages/asyncpg/connect_utils.py", line 1218, in _connect
    conn = await _connect_addr(
           ^^^^^^^^^^^^^^^^^^^^
  File "/home/umair/healthcare/lengend-ai/.venv/lib/python3.12/site-packages/asyncpg/connect_utils.py", line 1050, in _connect_addr
    return await __connect_addr(params, False, *args)
           ^^^^^^^^^^^^^^^^^^^^^^^^^^^^^^^^^^^^^^^^^^
  File "/home/umair/healthcare/lengend-ai/.venv/lib/python3.12/site-packages/asyncpg/connect_utils.py", line 1099, in __connect_addr
    tr, pr = await connector
             ^^^^^^^^^^^^^^^
  File "/home/umair/healthcare/lengend-ai/.venv/lib/python3.12/site-packages/asyncpg/connect_utils.py", line 969, in _create_ssl_connection
    tr, pr = await loop.create_connection(
             ^^^^^^^^^^^^^^^^^^^^^^^^^^^^^
  File "/home/umair/.local/share/uv/python/cpython-3.12.10-linux-x86_64-gnu/lib/python3.12/asyncio/base_events.py", line 1107, in create_connection
    sock = await self._connect_sock(
           ^^^^^^^^^^^^^^^^^^^^^^^^^
  File "/home/umair/.local/share/uv/python/cpython-3.12.10-linux-x86_64-gnu/lib/python3.12/asyncio/base_events.py", line 1010, in _connect_sock
    await self.sock_connect(sock, address)
  File "/home/umair/.local/share/uv/python/cpython-3.12.10-linux-x86_64-gnu/lib/python3.12/asyncio/selector_events.py", line 651, in sock_connect
    return await fut
           ^^^^^^^^^
asyncio.exceptions.CancelledError

The above exception was the direct cause of the following exception:

Traceback (most recent call last):
  File "/home/umair/healthcare/lengend-ai/ingestion/ingest.py", line 52, in ingest_data
    await db.execute(query, params)
  File "/home/umair/healthcare/lengend-ai/.venv/lib/python3.12/site-packages/sqlalchemy/ext/asyncio/session.py", line 449, in execute
    result = await greenlet_spawn(
             ^^^^^^^^^^^^^^^^^^^^^
  File "/home/umair/healthcare/lengend-ai/.venv/lib/python3.12/site-packages/sqlalchemy/util/_concurrency_py3k.py", line 201, in greenlet_spawn
    result = context.throw(*sys.exc_info())
             ^^^^^^^^^^^^^^^^^^^^^^^^^^^^^^
  File "/home/umair/healthcare/lengend-ai/.venv/lib/python3.12/site-packages/sqlalchemy/orm/session.py", line 2351, in execute
    return self._execute_internal(
           ^^^^^^^^^^^^^^^^^^^^^^^
  File "/home/umair/healthcare/lengend-ai/.venv/lib/python3.12/site-packages/sqlalchemy/orm/session.py", line 2239, in _execute_internal
    conn = self._connection_for_bind(bind)
           ^^^^^^^^^^^^^^^^^^^^^^^^^^^^^^^
  File "/home/umair/healthcare/lengend-ai/.venv/lib/python3.12/site-packages/sqlalchemy/orm/session.py", line 2108, in _connection_for_bind
    return trans._connection_for_bind(engine, execution_options)
           ^^^^^^^^^^^^^^^^^^^^^^^^^^^^^^^^^^^^^^^^^^^^^^^^^^^^^
  File "<string>", line 2, in _connection_for_bind
  File "/home/umair/healthcare/lengend-ai/.venv/lib/python3.12/site-packages/sqlalchemy/orm/state_changes.py", line 137, in _go
    ret_value = fn(self, *arg, **kw)
                ^^^^^^^^^^^^^^^^^^^^
  File "/home/umair/healthcare/lengend-ai/.venv/lib/python3.12/site-packages/sqlalchemy/orm/session.py", line 1187, in _connection_for_bind
    conn = bind.connect()
           ^^^^^^^^^^^^^^
  File "/home/umair/healthcare/lengend-ai/.venv/lib/python3.12/site-packages/sqlalchemy/engine/base.py", line 3293, in connect
    return self._connection_cls(self)
           ^^^^^^^^^^^^^^^^^^^^^^^^^^
  File "/home/umair/healthcare/lengend-ai/.venv/lib/python3.12/site-packages/sqlalchemy/engine/base.py", line 143, in __init__
    self._dbapi_connection = engine.raw_connection()
                             ^^^^^^^^^^^^^^^^^^^^^^^
  File "/home/umair/healthcare/lengend-ai/.venv/lib/python3.12/site-packages/sqlalchemy/engine/base.py", line 3317, in raw_connection
    return self.pool.connect()
           ^^^^^^^^^^^^^^^^^^^
  File "/home/umair/healthcare/lengend-ai/.venv/lib/python3.12/site-packages/sqlalchemy/pool/base.py", line 448, in connect
    return _ConnectionFairy._checkout(self)
           ^^^^^^^^^^^^^^^^^^^^^^^^^^^^^^^^
  File "/home/umair/healthcare/lengend-ai/.venv/lib/python3.12/site-packages/sqlalchemy/pool/base.py", line 1272, in _checkout
    fairy = _ConnectionRecord.checkout(pool)
            ^^^^^^^^^^^^^^^^^^^^^^^^^^^^^^^^
  File "/home/umair/healthcare/lengend-ai/.venv/lib/python3.12/site-packages/sqlalchemy/pool/base.py", line 712, in checkout
    rec = pool._do_get()
          ^^^^^^^^^^^^^^
  File "/home/umair/healthcare/lengend-ai/.venv/lib/python3.12/site-packages/sqlalchemy/pool/impl.py", line 177, in _do_get
    with util.safe_reraise():
         ^^^^^^^^^^^^^^^^^^^
  File "/home/umair/healthcare/lengend-ai/.venv/lib/python3.12/site-packages/sqlalchemy/util/langhelpers.py", line 121, in __exit__
    raise exc_value.with_traceback(exc_tb)
  File "/home/umair/healthcare/lengend-ai/.venv/lib/python3.12/site-packages/sqlalchemy/pool/impl.py", line 175, in _do_get
    return self._create_connection()
           ^^^^^^^^^^^^^^^^^^^^^^^^^
  File "/home/umair/healthcare/lengend-ai/.venv/lib/python3.12/site-packages/sqlalchemy/pool/base.py", line 389, in _create_connection
    return _ConnectionRecord(self)
           ^^^^^^^^^^^^^^^^^^^^^^^
  File "/home/umair/healthcare/lengend-ai/.venv/lib/python3.12/site-packages/sqlalchemy/pool/base.py", line 674, in __init__
    self.__connect()
  File "/home/umair/healthcare/lengend-ai/.venv/lib/python3.12/site-packages/sqlalchemy/pool/base.py", line 900, in __connect
    with util.safe_reraise():
         ^^^^^^^^^^^^^^^^^^^
  File "/home/umair/healthcare/lengend-ai/.venv/lib/python3.12/site-packages/sqlalchemy/util/langhelpers.py", line 121, in __exit__
    raise exc_value.with_traceback(exc_tb)
  File "/home/umair/healthcare/lengend-ai/.venv/lib/python3.12/site-packages/sqlalchemy/pool/base.py", line 896, in __connect
    self.dbapi_connection = connection = pool._invoke_creator(self)
                                         ^^^^^^^^^^^^^^^^^^^^^^^^^^
  File "/home/umair/healthcare/lengend-ai/.venv/lib/python3.12/site-packages/sqlalchemy/engine/create.py", line 667, in connect
    return dialect.connect(*cargs_tup, **cparams)
           ^^^^^^^^^^^^^^^^^^^^^^^^^^^^^^^^^^^^^^
  File "/home/umair/healthcare/lengend-ai/.venv/lib/python3.12/site-packages/sqlalchemy/engine/default.py", line 630, in connect
    return self.loaded_dbapi.connect(*cargs, **cparams)  # type: ignore[no-any-return]  # NOQA: E501
           ^^^^^^^^^^^^^^^^^^^^^^^^^^^^^^^^^^^^^^^^^^^^
  File "/home/umair/healthcare/lengend-ai/.venv/lib/python3.12/site-packages/sqlalchemy/dialects/postgresql/asyncpg.py", line 955, in connect
    await_only(creator_fn(*arg, **kw)),
    ^^^^^^^^^^^^^^^^^^^^^^^^^^^^^^^^^^
  File "/home/umair/healthcare/lengend-ai/.venv/lib/python3.12/site-packages/sqlalchemy/util/_concurrency_py3k.py", line 132, in await_only
    return current.parent.switch(awaitable)  # type: ignore[no-any-return,attr-defined] # noqa: E501
           ^^^^^^^^^^^^^^^^^^^^^^^^^^^^^^^^
  File "/home/umair/healthcare/lengend-ai/.venv/lib/python3.12/site-packages/sqlalchemy/util/_concurrency_py3k.py", line 196, in greenlet_spawn
    value = await result
            ^^^^^^^^^^^^
  File "/home/umair/healthcare/lengend-ai/.venv/lib/python3.12/site-packages/asyncpg/connection.py", line 2442, in connect
    async with compat.timeout(timeout):
               ^^^^^^^^^^^^^^^^^^^^^^^
  File "/home/umair/.local/share/uv/python/cpython-3.12.10-linux-x86_64-gnu/lib/python3.12/asyncio/timeouts.py", line 115, in __aexit__
    raise TimeoutError from exc_val
TimeoutError
2026-04-14 15:43:14,444 - INFO - Data prepared. Rows: 73889
2026-04-14 15:43:14,621 - INFO - Starting ingestion of 73889 records into icd10_codes with batch size 1000.
2026-04-14 15:43:14,621 - INFO - Total records to insert: 73889
2026-04-14 15:43:14,621 - INFO - Inserting batch starting at record 1
2026-04-14 15:43:44,652 - ERROR - Ingestion failed: 
Traceback (most recent call last):
  File "/home/umair/healthcare/lengend-ai/.venv/lib/python3.12/site-packages/asyncpg/connection.py", line 2443, in connect
    return await connect_utils._connect(
           ^^^^^^^^^^^^^^^^^^^^^^^^^^^^^
  File "/home/umair/healthcare/lengend-ai/.venv/lib/python3.12/site-packages/asyncpg/connect_utils.py", line 1218, in _connect
    conn = await _connect_addr(
           ^^^^^^^^^^^^^^^^^^^^
  File "/home/umair/healthcare/lengend-ai/.venv/lib/python3.12/site-packages/asyncpg/connect_utils.py", line 1050, in _connect_addr
    return await __connect_addr(params, False, *args)
           ^^^^^^^^^^^^^^^^^^^^^^^^^^^^^^^^^^^^^^^^^^
  File "/home/umair/healthcare/lengend-ai/.venv/lib/python3.12/site-packages/asyncpg/connect_utils.py", line 1099, in __connect_addr
    tr, pr = await connector
             ^^^^^^^^^^^^^^^
  File "/home/umair/healthcare/lengend-ai/.venv/lib/python3.12/site-packages/asyncpg/connect_utils.py", line 969, in _create_ssl_connection
    tr, pr = await loop.create_connection(
             ^^^^^^^^^^^^^^^^^^^^^^^^^^^^^
  File "/home/umair/.local/share/uv/python/cpython-3.12.10-linux-x86_64-gnu/lib/python3.12/asyncio/base_events.py", line 1107, in create_connection
    sock = await self._connect_sock(
           ^^^^^^^^^^^^^^^^^^^^^^^^^
  File "/home/umair/.local/share/uv/python/cpython-3.12.10-linux-x86_64-gnu/lib/python3.12/asyncio/base_events.py", line 1010, in _connect_sock
    await self.sock_connect(sock, address)
  File "/home/umair/.local/share/uv/python/cpython-3.12.10-linux-x86_64-gnu/lib/python3.12/asyncio/selector_events.py", line 651, in sock_connect
    return await fut
           ^^^^^^^^^
asyncio.exceptions.CancelledError

The above exception was the direct cause of the following exception:

Traceback (most recent call last):
  File "/home/umair/healthcare/lengend-ai/ingestion/ingest.py", line 52, in ingest_data
    await db.execute(query, params)
  File "/home/umair/healthcare/lengend-ai/.venv/lib/python3.12/site-packages/sqlalchemy/ext/asyncio/session.py", line 449, in execute
    result = await greenlet_spawn(
             ^^^^^^^^^^^^^^^^^^^^^
  File "/home/umair/healthcare/lengend-ai/.venv/lib/python3.12/site-packages/sqlalchemy/util/_concurrency_py3k.py", line 201, in greenlet_spawn
    result = context.throw(*sys.exc_info())
             ^^^^^^^^^^^^^^^^^^^^^^^^^^^^^^
  File "/home/umair/healthcare/lengend-ai/.venv/lib/python3.12/site-packages/sqlalchemy/orm/session.py", line 2351, in execute
    return self._execute_internal(
           ^^^^^^^^^^^^^^^^^^^^^^^
  File "/home/umair/healthcare/lengend-ai/.venv/lib/python3.12/site-packages/sqlalchemy/orm/session.py", line 2239, in _execute_internal
    conn = self._connection_for_bind(bind)
           ^^^^^^^^^^^^^^^^^^^^^^^^^^^^^^^
  File "/home/umair/healthcare/lengend-ai/.venv/lib/python3.12/site-packages/sqlalchemy/orm/session.py", line 2108, in _connection_for_bind
    return trans._connection_for_bind(engine, execution_options)
           ^^^^^^^^^^^^^^^^^^^^^^^^^^^^^^^^^^^^^^^^^^^^^^^^^^^^^
  File "<string>", line 2, in _connection_for_bind
  File "/home/umair/healthcare/lengend-ai/.venv/lib/python3.12/site-packages/sqlalchemy/orm/state_changes.py", line 137, in _go
    ret_value = fn(self, *arg, **kw)
                ^^^^^^^^^^^^^^^^^^^^
  File "/home/umair/healthcare/lengend-ai/.venv/lib/python3.12/site-packages/sqlalchemy/orm/session.py", line 1187, in _connection_for_bind
    conn = bind.connect()
           ^^^^^^^^^^^^^^
  File "/home/umair/healthcare/lengend-ai/.venv/lib/python3.12/site-packages/sqlalchemy/engine/base.py", line 3293, in connect
    return self._connection_cls(self)
           ^^^^^^^^^^^^^^^^^^^^^^^^^^
  File "/home/umair/healthcare/lengend-ai/.venv/lib/python3.12/site-packages/sqlalchemy/engine/base.py", line 143, in __init__
    self._dbapi_connection = engine.raw_connection()
                             ^^^^^^^^^^^^^^^^^^^^^^^
  File "/home/umair/healthcare/lengend-ai/.venv/lib/python3.12/site-packages/sqlalchemy/engine/base.py", line 3317, in raw_connection
    return self.pool.connect()
           ^^^^^^^^^^^^^^^^^^^
  File "/home/umair/healthcare/lengend-ai/.venv/lib/python3.12/site-packages/sqlalchemy/pool/base.py", line 448, in connect
    return _ConnectionFairy._checkout(self)
           ^^^^^^^^^^^^^^^^^^^^^^^^^^^^^^^^
  File "/home/umair/healthcare/lengend-ai/.venv/lib/python3.12/site-packages/sqlalchemy/pool/base.py", line 1272, in _checkout
    fairy = _ConnectionRecord.checkout(pool)
            ^^^^^^^^^^^^^^^^^^^^^^^^^^^^^^^^
  File "/home/umair/healthcare/lengend-ai/.venv/lib/python3.12/site-packages/sqlalchemy/pool/base.py", line 712, in checkout
    rec = pool._do_get()
          ^^^^^^^^^^^^^^
  File "/home/umair/healthcare/lengend-ai/.venv/lib/python3.12/site-packages/sqlalchemy/pool/impl.py", line 177, in _do_get
    with util.safe_reraise():
         ^^^^^^^^^^^^^^^^^^^
  File "/home/umair/healthcare/lengend-ai/.venv/lib/python3.12/site-packages/sqlalchemy/util/langhelpers.py", line 121, in __exit__
    raise exc_value.with_traceback(exc_tb)
  File "/home/umair/healthcare/lengend-ai/.venv/lib/python3.12/site-packages/sqlalchemy/pool/impl.py", line 175, in _do_get
    return self._create_connection()
           ^^^^^^^^^^^^^^^^^^^^^^^^^
  File "/home/umair/healthcare/lengend-ai/.venv/lib/python3.12/site-packages/sqlalchemy/pool/base.py", line 389, in _create_connection
    return _ConnectionRecord(self)
           ^^^^^^^^^^^^^^^^^^^^^^^
  File "/home/umair/healthcare/lengend-ai/.venv/lib/python3.12/site-packages/sqlalchemy/pool/base.py", line 674, in __init__
    self.__connect()
  File "/home/umair/healthcare/lengend-ai/.venv/lib/python3.12/site-packages/sqlalchemy/pool/base.py", line 900, in __connect
    with util.safe_reraise():
         ^^^^^^^^^^^^^^^^^^^
  File "/home/umair/healthcare/lengend-ai/.venv/lib/python3.12/site-packages/sqlalchemy/util/langhelpers.py", line 121, in __exit__
    raise exc_value.with_traceback(exc_tb)
  File "/home/umair/healthcare/lengend-ai/.venv/lib/python3.12/site-packages/sqlalchemy/pool/base.py", line 896, in __connect
    self.dbapi_connection = connection = pool._invoke_creator(self)
                                         ^^^^^^^^^^^^^^^^^^^^^^^^^^
  File "/home/umair/healthcare/lengend-ai/.venv/lib/python3.12/site-packages/sqlalchemy/engine/create.py", line 667, in connect
    return dialect.connect(*cargs_tup, **cparams)
           ^^^^^^^^^^^^^^^^^^^^^^^^^^^^^^^^^^^^^^
  File "/home/umair/healthcare/lengend-ai/.venv/lib/python3.12/site-packages/sqlalchemy/engine/default.py", line 630, in connect
    return self.loaded_dbapi.connect(*cargs, **cparams)  # type: ignore[no-any-return]  # NOQA: E501
           ^^^^^^^^^^^^^^^^^^^^^^^^^^^^^^^^^^^^^^^^^^^^
  File "/home/umair/healthcare/lengend-ai/.venv/lib/python3.12/site-packages/sqlalchemy/dialects/postgresql/asyncpg.py", line 955, in connect
    await_only(creator_fn(*arg, **kw)),
    ^^^^^^^^^^^^^^^^^^^^^^^^^^^^^^^^^^
  File "/home/umair/healthcare/lengend-ai/.venv/lib/python3.12/site-packages/sqlalchemy/util/_concurrency_py3k.py", line 132, in await_only
    return current.parent.switch(awaitable)  # type: ignore[no-any-return,attr-defined] # noqa: E501
           ^^^^^^^^^^^^^^^^^^^^^^^^^^^^^^^^
  File "/home/umair/healthcare/lengend-ai/.venv/lib/python3.12/site-packages/sqlalchemy/util/_concurrency_py3k.py", line 196, in greenlet_spawn
    value = await result
            ^^^^^^^^^^^^
  File "/home/umair/healthcare/lengend-ai/.venv/lib/python3.12/site-packages/asyncpg/connection.py", line 2442, in connect
    async with compat.timeout(timeout):
               ^^^^^^^^^^^^^^^^^^^^^^^
  File "/home/umair/.local/share/uv/python/cpython-3.12.10-linux-x86_64-gnu/lib/python3.12/asyncio/timeouts.py", line 115, in __aexit__
    raise TimeoutError from exc_val
TimeoutError
2026-04-14 15:44:32,108 - INFO - Data prepared. Rows: 73889
2026-04-14 15:45:02,300 - ERROR - Ingestion failed: 
Traceback (most recent call last):
  File "/home/umair/healthcare/lengend-ai/.venv/lib/python3.12/site-packages/asyncpg/connection.py", line 2443, in connect
    return await connect_utils._connect(
           ^^^^^^^^^^^^^^^^^^^^^^^^^^^^^
  File "/home/umair/healthcare/lengend-ai/.venv/lib/python3.12/site-packages/asyncpg/connect_utils.py", line 1218, in _connect
    conn = await _connect_addr(
           ^^^^^^^^^^^^^^^^^^^^
  File "/home/umair/healthcare/lengend-ai/.venv/lib/python3.12/site-packages/asyncpg/connect_utils.py", line 1050, in _connect_addr
    return await __connect_addr(params, False, *args)
           ^^^^^^^^^^^^^^^^^^^^^^^^^^^^^^^^^^^^^^^^^^
  File "/home/umair/healthcare/lengend-ai/.venv/lib/python3.12/site-packages/asyncpg/connect_utils.py", line 1099, in __connect_addr
    tr, pr = await connector
             ^^^^^^^^^^^^^^^
  File "/home/umair/healthcare/lengend-ai/.venv/lib/python3.12/site-packages/asyncpg/connect_utils.py", line 969, in _create_ssl_connection
    tr, pr = await loop.create_connection(
             ^^^^^^^^^^^^^^^^^^^^^^^^^^^^^
  File "/home/umair/.local/share/uv/python/cpython-3.12.10-linux-x86_64-gnu/lib/python3.12/asyncio/base_events.py", line 1107, in create_connection
    sock = await self._connect_sock(
           ^^^^^^^^^^^^^^^^^^^^^^^^^
  File "/home/umair/.local/share/uv/python/cpython-3.12.10-linux-x86_64-gnu/lib/python3.12/asyncio/base_events.py", line 1010, in _connect_sock
    await self.sock_connect(sock, address)
  File "/home/umair/.local/share/uv/python/cpython-3.12.10-linux-x86_64-gnu/lib/python3.12/asyncio/selector_events.py", line 651, in sock_connect
    return await fut
           ^^^^^^^^^
asyncio.exceptions.CancelledError

The above exception was the direct cause of the following exception:

Traceback (most recent call last):
  File "/home/umair/healthcare/lengend-ai/ingestion/ingest.py", line 49, in ingest_data
    await db.execute(query, batch)  #type:ignore
    ^^^^^^^^^^^^^^^^^^^^^^^^^^^^^^
  File "/home/umair/healthcare/lengend-ai/.venv/lib/python3.12/site-packages/sqlalchemy/ext/asyncio/session.py", line 449, in execute
    result = await greenlet_spawn(
             ^^^^^^^^^^^^^^^^^^^^^
  File "/home/umair/healthcare/lengend-ai/.venv/lib/python3.12/site-packages/sqlalchemy/util/_concurrency_py3k.py", line 201, in greenlet_spawn
    result = context.throw(*sys.exc_info())
             ^^^^^^^^^^^^^^^^^^^^^^^^^^^^^^
  File "/home/umair/healthcare/lengend-ai/.venv/lib/python3.12/site-packages/sqlalchemy/orm/session.py", line 2351, in execute
    return self._execute_internal(
           ^^^^^^^^^^^^^^^^^^^^^^^
  File "/home/umair/healthcare/lengend-ai/.venv/lib/python3.12/site-packages/sqlalchemy/orm/session.py", line 2239, in _execute_internal
    conn = self._connection_for_bind(bind)
           ^^^^^^^^^^^^^^^^^^^^^^^^^^^^^^^
  File "/home/umair/healthcare/lengend-ai/.venv/lib/python3.12/site-packages/sqlalchemy/orm/session.py", line 2108, in _connection_for_bind
    return trans._connection_for_bind(engine, execution_options)
           ^^^^^^^^^^^^^^^^^^^^^^^^^^^^^^^^^^^^^^^^^^^^^^^^^^^^^
  File "<string>", line 2, in _connection_for_bind
  File "/home/umair/healthcare/lengend-ai/.venv/lib/python3.12/site-packages/sqlalchemy/orm/state_changes.py", line 137, in _go
    ret_value = fn(self, *arg, **kw)
                ^^^^^^^^^^^^^^^^^^^^
  File "/home/umair/healthcare/lengend-ai/.venv/lib/python3.12/site-packages/sqlalchemy/orm/session.py", line 1187, in _connection_for_bind
    conn = bind.connect()
           ^^^^^^^^^^^^^^
  File "/home/umair/healthcare/lengend-ai/.venv/lib/python3.12/site-packages/sqlalchemy/engine/base.py", line 3293, in connect
    return self._connection_cls(self)
           ^^^^^^^^^^^^^^^^^^^^^^^^^^
  File "/home/umair/healthcare/lengend-ai/.venv/lib/python3.12/site-packages/sqlalchemy/engine/base.py", line 143, in __init__
    self._dbapi_connection = engine.raw_connection()
                             ^^^^^^^^^^^^^^^^^^^^^^^
  File "/home/umair/healthcare/lengend-ai/.venv/lib/python3.12/site-packages/sqlalchemy/engine/base.py", line 3317, in raw_connection
    return self.pool.connect()
           ^^^^^^^^^^^^^^^^^^^
  File "/home/umair/healthcare/lengend-ai/.venv/lib/python3.12/site-packages/sqlalchemy/pool/base.py", line 448, in connect
    return _ConnectionFairy._checkout(self)
           ^^^^^^^^^^^^^^^^^^^^^^^^^^^^^^^^
  File "/home/umair/healthcare/lengend-ai/.venv/lib/python3.12/site-packages/sqlalchemy/pool/base.py", line 1272, in _checkout
    fairy = _ConnectionRecord.checkout(pool)
            ^^^^^^^^^^^^^^^^^^^^^^^^^^^^^^^^
  File "/home/umair/healthcare/lengend-ai/.venv/lib/python3.12/site-packages/sqlalchemy/pool/base.py", line 712, in checkout
    rec = pool._do_get()
          ^^^^^^^^^^^^^^
  File "/home/umair/healthcare/lengend-ai/.venv/lib/python3.12/site-packages/sqlalchemy/pool/impl.py", line 177, in _do_get
    with util.safe_reraise():
         ^^^^^^^^^^^^^^^^^^^
  File "/home/umair/healthcare/lengend-ai/.venv/lib/python3.12/site-packages/sqlalchemy/util/langhelpers.py", line 121, in __exit__
    raise exc_value.with_traceback(exc_tb)
  File "/home/umair/healthcare/lengend-ai/.venv/lib/python3.12/site-packages/sqlalchemy/pool/impl.py", line 175, in _do_get
    return self._create_connection()
           ^^^^^^^^^^^^^^^^^^^^^^^^^
  File "/home/umair/healthcare/lengend-ai/.venv/lib/python3.12/site-packages/sqlalchemy/pool/base.py", line 389, in _create_connection
    return _ConnectionRecord(self)
           ^^^^^^^^^^^^^^^^^^^^^^^
  File "/home/umair/healthcare/lengend-ai/.venv/lib/python3.12/site-packages/sqlalchemy/pool/base.py", line 674, in __init__
    self.__connect()
  File "/home/umair/healthcare/lengend-ai/.venv/lib/python3.12/site-packages/sqlalchemy/pool/base.py", line 900, in __connect
    with util.safe_reraise():
         ^^^^^^^^^^^^^^^^^^^
  File "/home/umair/healthcare/lengend-ai/.venv/lib/python3.12/site-packages/sqlalchemy/util/langhelpers.py", line 121, in __exit__
    raise exc_value.with_traceback(exc_tb)
  File "/home/umair/healthcare/lengend-ai/.venv/lib/python3.12/site-packages/sqlalchemy/pool/base.py", line 896, in __connect
    self.dbapi_connection = connection = pool._invoke_creator(self)
                                         ^^^^^^^^^^^^^^^^^^^^^^^^^^
  File "/home/umair/healthcare/lengend-ai/.venv/lib/python3.12/site-packages/sqlalchemy/engine/create.py", line 667, in connect
    return dialect.connect(*cargs_tup, **cparams)
           ^^^^^^^^^^^^^^^^^^^^^^^^^^^^^^^^^^^^^^
  File "/home/umair/healthcare/lengend-ai/.venv/lib/python3.12/site-packages/sqlalchemy/engine/default.py", line 630, in connect
    return self.loaded_dbapi.connect(*cargs, **cparams)  # type: ignore[no-any-return]  # NOQA: E501
           ^^^^^^^^^^^^^^^^^^^^^^^^^^^^^^^^^^^^^^^^^^^^
  File "/home/umair/healthcare/lengend-ai/.venv/lib/python3.12/site-packages/sqlalchemy/dialects/postgresql/asyncpg.py", line 955, in connect
    await_only(creator_fn(*arg, **kw)),
    ^^^^^^^^^^^^^^^^^^^^^^^^^^^^^^^^^^
  File "/home/umair/healthcare/lengend-ai/.venv/lib/python3.12/site-packages/sqlalchemy/util/_concurrency_py3k.py", line 132, in await_only
    return current.parent.switch(awaitable)  # type: ignore[no-any-return,attr-defined] # noqa: E501
           ^^^^^^^^^^^^^^^^^^^^^^^^^^^^^^^^
  File "/home/umair/healthcare/lengend-ai/.venv/lib/python3.12/site-packages/sqlalchemy/util/_concurrency_py3k.py", line 196, in greenlet_spawn
    value = await result
            ^^^^^^^^^^^^
  File "/home/umair/healthcare/lengend-ai/.venv/lib/python3.12/site-packages/asyncpg/connection.py", line 2442, in connect
    async with compat.timeout(timeout):
               ^^^^^^^^^^^^^^^^^^^^^^^
  File "/home/umair/.local/share/uv/python/cpython-3.12.10-linux-x86_64-gnu/lib/python3.12/asyncio/timeouts.py", line 115, in __aexit__
    raise TimeoutError from exc_val
TimeoutError
2026-04-14 16:07:31,851 - INFO - Data prepared. Rows: 73889
2026-04-14 16:07:32,042 - INFO - Starting COPY for 73889 records into icd10_codes
2026-04-14 16:08:45,261 - ERROR - COPY failed: 'AsyncAdapt_asyncpg_connection' object has no attribute 'copy_records_to_table'
Traceback (most recent call last):
  File "/home/umair/healthcare/lengend-ai/ingestion/ingest.py", line 34, in ingest_data
    await raw_conn.copy_records_to_table(
          ^^^^^^^^^^^^^^^^^^^^^^^^^^^^^^
  File "/home/umair/healthcare/lengend-ai/.venv/lib/python3.12/site-packages/sqlalchemy/pool/base.py", line 1497, in __getattr__
    return getattr(self.dbapi_connection, key)
           ^^^^^^^^^^^^^^^^^^^^^^^^^^^^^^^^^^^
AttributeError: 'AsyncAdapt_asyncpg_connection' object has no attribute 'copy_records_to_table'
2026-04-14 16:13:08,227 - INFO - Data prepared. Rows: 73889
2026-04-14 16:13:08,423 - INFO - Starting COPY for 73889 records into icd10_codes
2026-04-14 16:25:41,011 - INFO - Data prepared. Rows: 73889
2026-04-14 16:25:41,200 - INFO - Starting COPY for 73889 records into icd10_codes
2026-04-14 16:26:08,203 - ERROR - COPY failed: expected str, got float
Traceback (most recent call last):
  File "/home/umair/healthcare/lengend-ai/ingestion/ingest.py", line 35, in ingest_data
    await driver_conn.copy_records_to_table(
  File "/home/umair/healthcare/lengend-ai/.venv/lib/python3.12/site-packages/asyncpg/connection.py", line 1127, in copy_records_to_table
    return await self._protocol.copy_in(
           ^^^^^^^^^^^^^^^^^^^^^^^^^^^^^
  File "asyncpg/protocol/protocol.pyx", line 554, in copy_in
  File "asyncpg/protocol/protocol.pyx", line 501, in asyncpg.protocol.protocol.BaseProtocol.copy_in
  File "asyncpg/protocol/codecs/base.pyx", line 251, in asyncpg.protocol.protocol.Codec.encode
  File "asyncpg/protocol/codecs/base.pyx", line 153, in asyncpg.protocol.protocol.Codec.encode_scalar
  File "asyncpg/pgproto/codecs/text.pyx", line 29, in asyncpg.pgproto.pgproto.text_encode
  File "asyncpg/pgproto/codecs/text.pyx", line 12, in asyncpg.pgproto.pgproto.as_pg_string_and_size
TypeError: expected str, got float
2026-04-14 16:27:19,310 - INFO - Data prepared. Rows: 73889
2026-04-14 16:27:19,510 - INFO - Starting COPY for 73889 records into icd10_codes
2026-04-14 16:27:35,886 - ERROR - COPY failed: expected str, got float
Traceback (most recent call last):
  File "/home/umair/healthcare/lengend-ai/ingestion/ingest.py", line 36, in ingest_data
    await driver_conn.copy_records_to_table(
  File "/home/umair/healthcare/lengend-ai/.venv/lib/python3.12/site-packages/asyncpg/connection.py", line 1127, in copy_records_to_table
    return await self._protocol.copy_in(
           ^^^^^^^^^^^^^^^^^^^^^^^^^^^^^
  File "asyncpg/protocol/protocol.pyx", line 554, in copy_in
  File "asyncpg/protocol/protocol.pyx", line 501, in asyncpg.protocol.protocol.BaseProtocol.copy_in
  File "asyncpg/protocol/codecs/base.pyx", line 251, in asyncpg.protocol.protocol.Codec.encode
  File "asyncpg/protocol/codecs/base.pyx", line 153, in asyncpg.protocol.protocol.Codec.encode_scalar
  File "asyncpg/pgproto/codecs/text.pyx", line 29, in asyncpg.pgproto.pgproto.text_encode
  File "asyncpg/pgproto/codecs/text.pyx", line 12, in asyncpg.pgproto.pgproto.as_pg_string_and_size
TypeError: expected str, got float
2026-04-14 16:28:16,408 - INFO - Data prepared. Rows: 73889
2026-04-14 16:28:16,641 - INFO - Starting COPY for 73889 records into icd10_codes
2026-04-14 16:28:32,591 - ERROR - COPY failed: expected str, got float
Traceback (most recent call last):
  File "/home/umair/healthcare/lengend-ai/ingestion/ingest.py", line 42, in ingest_data
    await driver_conn.copy_records_to_table(
  File "/home/umair/healthcare/lengend-ai/.venv/lib/python3.12/site-packages/asyncpg/connection.py", line 1127, in copy_records_to_table
    return await self._protocol.copy_in(
           ^^^^^^^^^^^^^^^^^^^^^^^^^^^^^
  File "asyncpg/protocol/protocol.pyx", line 554, in copy_in
  File "asyncpg/protocol/protocol.pyx", line 501, in asyncpg.protocol.protocol.BaseProtocol.copy_in
  File "asyncpg/protocol/codecs/base.pyx", line 251, in asyncpg.protocol.protocol.Codec.encode
  File "asyncpg/protocol/codecs/base.pyx", line 153, in asyncpg.protocol.protocol.Codec.encode_scalar
  File "asyncpg/pgproto/codecs/text.pyx", line 29, in asyncpg.pgproto.pgproto.text_encode
  File "asyncpg/pgproto/codecs/text.pyx", line 12, in asyncpg.pgproto.pgproto.as_pg_string_and_size
TypeError: expected str, got float
2026-04-14 16:29:09,697 - INFO - Data prepared. Rows: 73889
2026-04-14 16:29:09,910 - INFO - Starting COPY for 73889 records into icd10_codes
2026-04-14 16:29:30,256 - INFO - COPY completed successfully: 73889 rows
