2026-04-13 19:03:12,969 - __main__ - INFO - PostgreSQL connection module executed directly.
2026-04-13 19:06:07,087 - __main__ - INFO - PostgreSQL connection module executed directly.
2026-04-13 19:25:40,238 - __main__ - INFO - PostgreSQL connection module executed directly.
2026-04-13 19:26:28,779 - __main__ - INFO - MySQL connection module executed directly.
2026-04-13 19:26:33,225 - __main__ - INFO - Connection Successful: <sqlalchemy.engine.cursor.CursorResult object at 0x797903343150>
2026-04-13 19:27:19,084 - __main__ - INFO - PostgreSQL connection module executed directly.
2026-04-13 19:27:32,797 - __main__ - INFO - Connection Successful: <sqlalchemy.engine.cursor.CursorResult object at 0x7eb3a64a5fd0>
2026-04-13 19:28:18,207 - __main__ - INFO - PostgreSQL connection module executed directly.
2026-04-13 19:30:41,171 - __main__ - INFO - PostgreSQL connection module executed directly.
2026-04-13 19:30:47,973 - __main__ - INFO - Connection Successful: <sqlalchemy.engine.cursor.CursorResult object at 0x76769ffa9fd0>
2026-04-13 19:32:27,872 - __main__ - INFO - PostgreSQL connection module executed directly.
2026-04-13 19:33:27,933 - __main__ - ERROR - Session rollback due to error: 
2026-04-13 19:38:12,442 - __main__ - INFO - PostgreSQL connection module executed directly.
2026-04-13 19:38:21,737 - __main__ - INFO - Connection Successful: 1
2026-04-13 19:40:09,640 - __main__ - INFO - MySQL connection module executed directly.
2026-04-13 19:41:04,989 - __main__ - INFO - PostgreSQL connection module executed directly.
2026-04-13 19:41:04,990 - __main__ - ERROR - Session rollback due to error: connect() got an unexpected keyword argument 'timeout'
2026-04-13 19:41:24,142 - __main__ - INFO - PostgreSQL connection module executed directly.
2026-04-13 19:41:24,143 - __main__ - ERROR - Session rollback due to error: connect() got an unexpected keyword argument 'command_timeout'
2026-04-13 19:41:38,436 - __main__ - INFO - PostgreSQL connection module executed directly.
2026-04-13 19:41:40,058 - __main__ - ERROR - Session rollback due to error: (pymysql.err.OperationalError) (2003, "Can't connect to MySQL server on 'legendprod-writer.c1tzyznfnbpf.us-west-1.rds.amazonaws.com'")
(Background on this error at: https://sqlalche.me/e/20/e3q8)
2026-04-13 19:41:40,058 - __main__ - ERROR - Database connection failed: (pymysql.err.OperationalError) (2003, "Can't connect to MySQL server on 'legendprod-writer.c1tzyznfnbpf.us-west-1.rds.amazonaws.com'")
(Background on this error at: https://sqlalche.me/e/20/e3q8)
2026-04-13 19:47:11,452 - __main__ - INFO - MySQL connection module executed directly.
2026-04-13 19:47:15,938 - __main__ - INFO - Connection Successful: 1
2026-04-14 14:59:34,985 - __main__ - INFO - PostgreSQL connection module executed directly.
2026-04-14 14:59:54,987 - __main__ - ERROR - Session rollback due to error: 
2026-04-14 14:59:54,987 - __main__ - ERROR - Database connection timed out. Check network access, PGHOST/PGPORT, and SSL settings.
2026-04-14 15:02:05,403 - __main__ - INFO - PostgreSQL connection module executed directly.
2026-04-14 15:02:15,194 - __main__ - INFO - Connection Successful: 1
2026-04-14 15:18:19,412 - __main__ - INFO - PostgreSQL connection module executed directly.
2026-04-14 15:18:29,011 - __main__ - INFO - Connection Successful: 1
2026-04-14 16:13:08,423 - database.pgdb.conn - ERROR - Session rollback due to error: greenlet_spawn has not been called; can't call await_only() here. Was IO attempted in an unexpected place? (Background on this error at: https://sqlalche.me/e/20/xd2s)
2026-04-16 19:44:28,760 - database.pgdb.conn - ERROR - Session rollback due to error: (sqlalchemy.dialects.postgresql.asyncpg.Error) <class 'asyncpg.exceptions.DataError'>: invalid input for query argument $1: [0.005641937255859375, 0.04327392578125,... (expected str, got list)
[SQL: 
                    SELECT code_type, code, description,
                    embedding <-> $1 AS distance
                    FROM code_embeddings
                    ORDER BY embedding <-> $1
                    LIMIT $2
                ]
[parameters: ([0.005641937255859375, 0.04327392578125, 0.02374267578125, 0.04931640625, -0.033111572265625, 0.0120849609375, -0.009796142578125, 0.00225639343261718 ... (30645 characters truncated) ... 21875, -0.005748748779296875, -0.02825927734375, 0.0014390945434570312, 0.00926971435546875, 0.0216217041015625, 0.0191650390625, -0.0229339599609375], 20)]
(Background on this error at: https://sqlalche.me/e/20/dbapi)
